Compiling 62 files with 0.8.0
Compilation finished successfully
reusing "DefaultProxyAdmin" at 0xb1c2f36F1aBe8457855a7934E64Bf5C85FFDF6f5
deploying "SnookToken_Implementation" (tx: 0x94f84c806e02a6daeacf200a7f962ed0b7a20964d6b249b22f96f819a753030e)...: deployed at 0x794bC90C9f4a912C2CC14cA977Eb2B571455732B with 2325224 gas
---------------------------------------------------------------------------------------
Please execute the following:
---------------------------------------------------------------------------------------

from: 0x11fe914689525618c322fc9cd76333BA15a932a6
to: 0xb1c2f36F1aBe8457855a7934E64Bf5C85FFDF6f5 (DefaultProxyAdmin)
method: upgrade
args:
  - 0x4372597f1c600D86598675DCB6cF5713bB7525Cf
  - 0x794bC90C9f4a912C2CC14cA977Eb2B571455732B

(raw data: 0x99a88ec40000000000000000000000004372597f1c600d86598675dcb6cf5713bb7525cf000000000000000000000000794bc90c9f4a912c2cc14ca977eb2b571455732b )

---------------------------------------------------------------------------------------
reusing "SkillToken" at 0x689f8e5913C158fFB5Ac5aeb83b3C875F5d20309
reusing "UniswapUSDCSkill" at 0x31f528c6c193b27d77B874D1c28d113103AF04BF
reusing "DefaultProxyAdmin" at 0xb1c2f36F1aBe8457855a7934E64Bf5C85FFDF6f5
reusing "Treasury_Implementation" at 0x5CDC6FD7bB53C1646f290A921dDf060e8b2b2CCE
reusing "DefaultProxyAdmin" at 0xb1c2f36F1aBe8457855a7934E64Bf5C85FFDF6f5
deploying "SnookState_Implementation" (tx: 0x968fb03813c033752f2d41ced2e2634d787c26cb8833df687eb384bc8c5affb7)...: deployed at 0x37D74299ef2879A4Cdc998C4921B15C02C9eA4Cd with 710581 gas
---------------------------------------------------------------------------------------
Please execute the following:
---------------------------------------------------------------------------------------

from: 0x11fe914689525618c322fc9cd76333BA15a932a6
to: 0xb1c2f36F1aBe8457855a7934E64Bf5C85FFDF6f5 (DefaultProxyAdmin)
method: upgrade
args:
  - 0x3473fd176c8F552a1283165cF586EE44BD5b168a
  - 0x37D74299ef2879A4Cdc998C4921B15C02C9eA4Cd

(raw data: 0x99a88ec40000000000000000000000003473fd176c8f552a1283165cf586ee44bd5b168a00000000000000000000000037d74299ef2879a4cdc998c4921b15c02c9ea4cd )

---------------------------------------------------------------------------------------
reusing "DefaultProxyAdmin" at 0xb1c2f36F1aBe8457855a7934E64Bf5C85FFDF6f5
deploying "SkinRewards_Implementation" (tx: 0x5dc856838deac74e1fb1261b024d4f74f0813359bf1b71c3660f7bab5055e6fb)...: deployed at 0x3CEac0A7F484f021f54b69fFa9FA75D361d0eec1 with 2566729 gas
---------------------------------------------------------------------------------------
Please execute the following:
---------------------------------------------------------------------------------------

from: 0x11fe914689525618c322fc9cd76333BA15a932a6
to: 0xb1c2f36F1aBe8457855a7934E64Bf5C85FFDF6f5 (DefaultProxyAdmin)
method: upgrade
args:
  - 0xD6588E9C555D35B0274f47Dc6b9D4D7917602347
  - 0x3CEac0A7F484f021f54b69fFa9FA75D361d0eec1

(raw data: 0x99a88ec4000000000000000000000000d6588e9c555d35b0274f47dc6b9d4d79176023470000000000000000000000003ceac0a7f484f021f54b69ffa9fa75d361d0eec1 )

---------------------------------------------------------------------------------------
reusing "DefaultProxyAdmin" at 0xb1c2f36F1aBe8457855a7934E64Bf5C85FFDF6f5
deploying "SnookGame_Implementation" (tx: 0xe2e52d499ddf5d8b0ab72fcacd47047e6efd37332d7de17ed3190ca681d4d24f)...: deployed at 0x52365ee7F2C1E83627d6e8813AaaAc95264A2daD with 3677459 gas
---------------------------------------------------------------------------------------
Please execute the following:
---------------------------------------------------------------------------------------

from: 0x11fe914689525618c322fc9cd76333BA15a932a6
to: 0xb1c2f36F1aBe8457855a7934E64Bf5C85FFDF6f5 (DefaultProxyAdmin)
method: upgrade
args:
  - 0x1D9Da4c160A34DDA9C808A49D54112a5913c216c
  - 0x52365ee7F2C1E83627d6e8813AaaAc95264A2daD

(raw data: 0x99a88ec40000000000000000000000001d9da4c160a34dda9c808a49d54112a5913c216c00000000000000000000000052365ee7f2c1e83627d6e8813aaaac95264a2dad )

---------------------------------------------------------------------------------------
reusing "DefaultProxyAdmin" at 0xb1c2f36F1aBe8457855a7934E64Bf5C85FFDF6f5
deploying "Afterdeath_Implementation" (tx: 0x7ab050add2ff92dd3f3bff557a1e5ac63fde19763b8d368db67146e6363d6c98)...: deployed at 0xce994740875D5582559a30A7C523F172679B87EC with 2556073 gas
---------------------------------------------------------------------------------------
Please execute the following:
---------------------------------------------------------------------------------------

from: 0x11fe914689525618c322fc9cd76333BA15a932a6
to: 0xb1c2f36F1aBe8457855a7934E64Bf5C85FFDF6f5 (DefaultProxyAdmin)
method: upgrade
args:
  - 0x6BC8f0128e4Aaa0B3678b67BB93715fa70fAf3D3
  - 0xce994740875D5582559a30A7C523F172679B87EC

(raw data: 0x99a88ec40000000000000000000000006bc8f0128e4aaa0b3678b67bb93715fa70faf3d3000000000000000000000000ce994740875d5582559a30a7c523f172679b87ec )

---------------------------------------------------------------------------------------
reusing "DefaultProxyAdmin" at 0xb1c2f36F1aBe8457855a7934E64Bf5C85FFDF6f5
reusing "StakingRewards_Implementation" at 0x0145C9c5f19Af674349c0Ff29816208cd328c1DC
deploying "SGE" (tx: 0x470f19e419be4570260ab37cc6b4d76a4f761d1e601f87658e7fba4e28844074)...: deployed at 0xf537Ee960DD3Afbdafa47061E393594c983bAEFe with 1686596 gas
reusing "DefaultProxyAdmin" at 0xb1c2f36F1aBe8457855a7934E64Bf5C85FFDF6f5
reusing "PRNG_Implementation" at 0xEAd99f9001019922644E61505a725724A604EF81
Vesting contracts will use 1639756030 timestamp
reusing "Vesting" at 0x8329Dc7257D71934A29648c0acE54abBF4e9CbC7
Vesting contract deployed with total rewards:37997000000000000000000000
Nothing to compile
reusing "DefaultProxyAdmin" at 0xb1c2f36F1aBe8457855a7934E64Bf5C85FFDF6f5
reusing "SnookToken_Implementation" at 0x794bC90C9f4a912C2CC14cA977Eb2B571455732B
reusing "SkillToken" at 0x689f8e5913C158fFB5Ac5aeb83b3C875F5d20309
reusing "UniswapUSDCSkill" at 0x31f528c6c193b27d77B874D1c28d113103AF04BF
reusing "DefaultProxyAdmin" at 0xb1c2f36F1aBe8457855a7934E64Bf5C85FFDF6f5
reusing "Treasury_Implementation" at 0x5CDC6FD7bB53C1646f290A921dDf060e8b2b2CCE
reusing "DefaultProxyAdmin" at 0xb1c2f36F1aBe8457855a7934E64Bf5C85FFDF6f5
reusing "SnookState_Implementation" at 0x37D74299ef2879A4Cdc998C4921B15C02C9eA4Cd
reusing "DefaultProxyAdmin" at 0xb1c2f36F1aBe8457855a7934E64Bf5C85FFDF6f5
reusing "SkinRewards_Implementation" at 0x3CEac0A7F484f021f54b69fFa9FA75D361d0eec1
reusing "DefaultProxyAdmin" at 0xb1c2f36F1aBe8457855a7934E64Bf5C85FFDF6f5
reusing "SnookGame_Implementation" at 0x52365ee7F2C1E83627d6e8813AaaAc95264A2daD
reusing "DefaultProxyAdmin" at 0xb1c2f36F1aBe8457855a7934E64Bf5C85FFDF6f5
reusing "Afterdeath_Implementation" at 0xce994740875D5582559a30A7C523F172679B87EC
reusing "DefaultProxyAdmin" at 0xb1c2f36F1aBe8457855a7934E64Bf5C85FFDF6f5
reusing "StakingRewards_Implementation" at 0x0145C9c5f19Af674349c0Ff29816208cd328c1DC
reusing "SGE" at 0xf537Ee960DD3Afbdafa47061E393594c983bAEFe
reusing "DefaultProxyAdmin" at 0xb1c2f36F1aBe8457855a7934E64Bf5C85FFDF6f5
reusing "PRNG_Implementation" at 0xEAd99f9001019922644E61505a725724A604EF81
Vesting contracts will use 1639757177 timestamp
reusing "Vesting" at 0x8329Dc7257D71934A29648c0acE54abBF4e9CbC7
Vesting contract deployed with total rewards:37997000000000000000000000
