Nothing to compile
reusing "DefaultProxyAdmin" at 0xb1c2f36F1aBe8457855a7934E64Bf5C85FFDF6f5
reusing "SnookToken_Implementation" at 0x7c7961C6669Bf3710D31bBd7fe42E4a9bBc17D67
reusing "SkillToken" at 0x689f8e5913C158fFB5Ac5aeb83b3C875F5d20309
reusing "UniswapUSDCSkill" at 0x31f528c6c193b27d77B874D1c28d113103AF04BF
reusing "DefaultProxyAdmin" at 0xb1c2f36F1aBe8457855a7934E64Bf5C85FFDF6f5
deploying "Treasury_Implementation" (tx: 0x3d024cf5e2ae6dae81ed15c55ede9a73e05c639e594d759675128d6e37782280)...: deployed at 0x6Fad0d60eCcB1917F8883735B0390eF8A5278885 with 1491974 gas
---------------------------------------------------------------------------------------
Please execute the following:
---------------------------------------------------------------------------------------

from: 0x11fe914689525618c322fc9cd76333BA15a932a6
to: 0xb1c2f36F1aBe8457855a7934E64Bf5C85FFDF6f5 (DefaultProxyAdmin)
method: upgrade
args:
  - 0xf9C79145f8314311814dA0de2767e8fd6B30C24f
  - 0x6Fad0d60eCcB1917F8883735B0390eF8A5278885

(raw data: 0x99a88ec4000000000000000000000000f9c79145f8314311814da0de2767e8fd6b30c24f0000000000000000000000006fad0d60eccb1917f8883735b0390ef8a5278885 )

---------------------------------------------------------------------------------------
reusing "DefaultProxyAdmin" at 0xb1c2f36F1aBe8457855a7934E64Bf5C85FFDF6f5
reusing "SnookState_Implementation" at 0x2C169BDab1D6E7f465D36a46B5594C39Da927aF4
reusing "DefaultProxyAdmin" at 0xb1c2f36F1aBe8457855a7934E64Bf5C85FFDF6f5
deploying "SnookGame_Implementation" (tx: 0x8fd32924936361386d991bee3379ebe911293519c77169f51ca08595d67ddb14)...: deployed at 0xF70b0c79c01de4f7E2325F50512fdba38a6ee9Aa with 4433484 gas
---------------------------------------------------------------------------------------
Please execute the following:
---------------------------------------------------------------------------------------

from: 0x11fe914689525618c322fc9cd76333BA15a932a6
to: 0xb1c2f36F1aBe8457855a7934E64Bf5C85FFDF6f5 (DefaultProxyAdmin)
method: upgrade
args:
  - 0x1D9Da4c160A34DDA9C808A49D54112a5913c216c
  - 0xF70b0c79c01de4f7E2325F50512fdba38a6ee9Aa

(raw data: 0x99a88ec40000000000000000000000001d9da4c160a34dda9c808a49d54112a5913c216c000000000000000000000000f70b0c79c01de4f7e2325f50512fdba38a6ee9aa )

---------------------------------------------------------------------------------------
reusing "DefaultProxyAdmin" at 0xb1c2f36F1aBe8457855a7934E64Bf5C85FFDF6f5
deploying "Afterdeath_Implementation" (tx: 0x8b777564e744f75faa21ceed44952b1421121f8e6192d6d06b9ea2125e571a34)...: deployed at 0xbEB7bca9Da8Fc4d3b309B96b79a9BF3CC57f1584 with 2568525 gas
---------------------------------------------------------------------------------------
Please execute the following:
---------------------------------------------------------------------------------------

from: 0x11fe914689525618c322fc9cd76333BA15a932a6
to: 0xb1c2f36F1aBe8457855a7934E64Bf5C85FFDF6f5 (DefaultProxyAdmin)
method: upgrade
args:
  - 0x6BC8f0128e4Aaa0B3678b67BB93715fa70fAf3D3
  - 0xbEB7bca9Da8Fc4d3b309B96b79a9BF3CC57f1584

(raw data: 0x99a88ec40000000000000000000000006bc8f0128e4aaa0b3678b67bb93715fa70faf3d3000000000000000000000000beb7bca9da8fc4d3b309b96b79a9bf3cc57f1584 )

---------------------------------------------------------------------------------------
reusing "DefaultProxyAdmin" at 0xb1c2f36F1aBe8457855a7934E64Bf5C85FFDF6f5
deploying "StakingRewards_Implementation" (tx: 0xbd178841fc380c4faf3dacd1892f6aca43bc3c2982ee3af44094f1c7347dde33)...: deployed at 0x5F37FEd748042A706E0650419Aca567668d43Eac with 1888940 gas
---------------------------------------------------------------------------------------
Please execute the following:
---------------------------------------------------------------------------------------

from: 0x11fe914689525618c322fc9cd76333BA15a932a6
to: 0xb1c2f36F1aBe8457855a7934E64Bf5C85FFDF6f5 (DefaultProxyAdmin)
method: upgrade
args:
  - 0x86C1a81e411fbB463242C0F6514973D69A615bF0
  - 0x5F37FEd748042A706E0650419Aca567668d43Eac

(raw data: 0x99a88ec400000000000000000000000086c1a81e411fbb463242c0f6514973d69a615bf00000000000000000000000005f37fed748042a706e0650419aca567668d43eac )

---------------------------------------------------------------------------------------
reusing "DefaultProxyAdmin" at 0xb1c2f36F1aBe8457855a7934E64Bf5C85FFDF6f5
deploying "Marketplace_Implementation" (tx: 0xc2936fea63e2547287cad0b6724663f96b70a92b363f10a97757b9b8eda6fe2b)...: deployed at 0xC0D15C049a9905CeC303937BCb9CAe08ADf02fdc with 2261871 gas
---------------------------------------------------------------------------------------
Please execute the following:
---------------------------------------------------------------------------------------

from: 0x11fe914689525618c322fc9cd76333BA15a932a6
to: 0xb1c2f36F1aBe8457855a7934E64Bf5C85FFDF6f5 (DefaultProxyAdmin)
method: upgrade
args:
  - 0x0Bf585EaE35ef645ae98c0b32fC400a6F0F2a1D6
  - 0xC0D15C049a9905CeC303937BCb9CAe08ADf02fdc

(raw data: 0x99a88ec40000000000000000000000000bf585eae35ef645ae98c0b32fc400a6f0f2a1d6000000000000000000000000c0d15c049a9905cec303937bcb9cae08adf02fdc )

---------------------------------------------------------------------------------------
reusing "DefaultProxyAdmin" at 0xb1c2f36F1aBe8457855a7934E64Bf5C85FFDF6f5
reusing "PRNG_Implementation" at 0xEAd99f9001019922644E61505a725724A604EF81
Vesting contracts will use 1650828981 timestamp
reusing "Vesting" at 0x8329Dc7257D71934A29648c0acE54abBF4e9CbC7
Vesting contract deployed with total rewards:37997000000000000000000000
reusing "DefaultProxyAdmin" at 0xb1c2f36F1aBe8457855a7934E64Bf5C85FFDF6f5
deploying "LuckWheel_Implementation" (tx: 0x1a774246f8247455a0a01a5c3befe2c1ea8c3f9270e0aa44d00dd48b6b2469d4)...: deployed at 0xBc29c0646754dCc7eA431fadd6F707d33c59EA6e with 649047 gas
---------------------------------------------------------------------------------------
Please execute the following:
---------------------------------------------------------------------------------------

from: 0x11fe914689525618c322fc9cd76333BA15a932a6
to: 0xb1c2f36F1aBe8457855a7934E64Bf5C85FFDF6f5 (DefaultProxyAdmin)
method: upgrade
args:
  - 0x45541Fe85c750Cf891aD751859Fe5cE6786BBAbb
  - 0xBc29c0646754dCc7eA431fadd6F707d33c59EA6e

(raw data: 0x99a88ec400000000000000000000000045541fe85c750cf891ad751859fe5ce6786bbabb000000000000000000000000bc29c0646754dcc7ea431fadd6f707d33c59ea6e )

---------------------------------------------------------------------------------------

Nothing to compile
reusing "DefaultProxyAdmin" at 0xb1c2f36F1aBe8457855a7934E64Bf5C85FFDF6f5
reusing "SnookToken_Implementation" at 0x7c7961C6669Bf3710D31bBd7fe42E4a9bBc17D67
reusing "SkillToken" at 0x689f8e5913C158fFB5Ac5aeb83b3C875F5d20309
reusing "UniswapUSDCSkill" at 0x31f528c6c193b27d77B874D1c28d113103AF04BF
reusing "DefaultProxyAdmin" at 0xb1c2f36F1aBe8457855a7934E64Bf5C85FFDF6f5
reusing "Treasury_Implementation" at 0x6Fad0d60eCcB1917F8883735B0390eF8A5278885
reusing "DefaultProxyAdmin" at 0xb1c2f36F1aBe8457855a7934E64Bf5C85FFDF6f5
reusing "SnookState_Implementation" at 0x2C169BDab1D6E7f465D36a46B5594C39Da927aF4
reusing "DefaultProxyAdmin" at 0xb1c2f36F1aBe8457855a7934E64Bf5C85FFDF6f5
reusing "SnookGame_Implementation" at 0xF70b0c79c01de4f7E2325F50512fdba38a6ee9Aa
reusing "DefaultProxyAdmin" at 0xb1c2f36F1aBe8457855a7934E64Bf5C85FFDF6f5
reusing "Afterdeath_Implementation" at 0xbEB7bca9Da8Fc4d3b309B96b79a9BF3CC57f1584
reusing "DefaultProxyAdmin" at 0xb1c2f36F1aBe8457855a7934E64Bf5C85FFDF6f5
reusing "StakingRewards_Implementation" at 0x5F37FEd748042A706E0650419Aca567668d43Eac
reusing "DefaultProxyAdmin" at 0xb1c2f36F1aBe8457855a7934E64Bf5C85FFDF6f5
reusing "Marketplace_Implementation" at 0xC0D15C049a9905CeC303937BCb9CAe08ADf02fdc
reusing "DefaultProxyAdmin" at 0xb1c2f36F1aBe8457855a7934E64Bf5C85FFDF6f5
reusing "PRNG_Implementation" at 0xEAd99f9001019922644E61505a725724A604EF81
Vesting contracts will use 1650830331 timestamp
reusing "Vesting" at 0x8329Dc7257D71934A29648c0acE54abBF4e9CbC7
Vesting contract deployed with total rewards:37997000000000000000000000
reusing "DefaultProxyAdmin" at 0xb1c2f36F1aBe8457855a7934E64Bf5C85FFDF6f5
reusing "LuckWheel_Implementation" at 0xBc29c0646754dCc7eA431fadd6F707d33c59EA6e
SnookGame: initialize4 (mother network)
StakingRewards: initialize2
