Nothing to compile
reusing "DefaultProxyAdmin" at 0x44E07eB19010DD3c5C06d11a1567A519d675b484
deploying "SnookToken_Implementation" (tx: 0xf80edbc4ad398fe41964585a06fcfa2858769175a1b6a215217c7f5535bb8700)...: deployed at 0xdeEFeAf4A221302879e230e0Fd0CEfAfa4b652d2 with 2964202 gas
executing DefaultProxyAdmin.upgrade (tx: 0x2281a4683d7ad49b95664230ae617cf2598d9c7ac56a50fdeb7722ab815dcea7) ...: performed with 38373 gas
reusing "SkillToken" at 0xE0fc37fb8bf8cb0b4da886f62f4Aa6D86f10Fac4
contract UsdcToken deployed at 0x76Cf57384437f6df9BE0864469c8E763B9Db66F8 using 878145 gas
reusing "UniswapV2Factory" at 0xd6A14836F39c846017950A803520E6D36a06a713
reusing "UniswapV2Router02" at 0xa368C0A30B02aCB3C752e80c074Ffb96e2cb63f0
deploying "UniswapUSDCSkill" (tx: 0xd270ca8c998e15d3879d90b447c3148e99ccf4ee25bbcfc61f033b8e2f8e486d)...: deployed at 0xdb4813fFd05F816BEbaf4c9eA2cFD8C9f79777f7 with 392380 gas
contract UniswapUSDCSkill deployed at 0xdb4813fFd05F816BEbaf4c9eA2cFD8C9f79777f7 using 392380 gas
reusing "DefaultProxyAdmin" at 0x44E07eB19010DD3c5C06d11a1567A519d675b484
deploying "Treasury_Implementation" (tx: 0xbc837dc391238c0c6941d2191c4a3103ae2d2ee9466935c4355275d30b018bde)...: deployed at 0x9715F42Fe20641397899575b8e8a14267b4bc444 with 1375681 gas
executing DefaultProxyAdmin.upgrade (tx: 0x1e0b655ba7b86478bc801cc83f8c1e7391e1a2a0f806321f6e1f612fe689c965) ...: performed with 38373 gas
reusing "DefaultProxyAdmin" at 0x44E07eB19010DD3c5C06d11a1567A519d675b484
deploying "SnookState_Implementation" (tx: 0xb90d32cf7dd60eb4e1d7e978897985d3e5735d20eba4f86925946954df4940c7)...: deployed at 0x657D03eC531986FEcDe4753c5F67f66993aa958D with 1075544 gas
executing DefaultProxyAdmin.upgrade (tx: 0xcd969b46a4bd16f294477f3d2822352cb1c690272d4bbb7346e07a89394d6b3c) ...: performed with 38373 gas
reusing "DefaultProxyAdmin" at 0x44E07eB19010DD3c5C06d11a1567A519d675b484
deploying "SkinRewards_Implementation" (tx: 0xd2dd3e36ea91b7fe1cf4b9060c2779f1eff4cd6c998549c57a7078f2605c6085)...: deployed at 0x2591E4c667734Bb4f668aeA649d66BF2a4872848 with 2039055 gas
executing DefaultProxyAdmin.upgrade (tx: 0xbf50c4536c6fa19d0f1dbc5724ce8f796c2443a7a1d2d85e25e418abe5b90cec) ...: performed with 38361 gas
reusing "DefaultProxyAdmin" at 0x44E07eB19010DD3c5C06d11a1567A519d675b484
deploying "SnookGame_Implementation" (tx: 0x374ea513d1f7ca8ae01d0eee40972277a693f7cc6ee83decedb05a0de48391e3)...: deployed at 0xfab55DBFe51b726AA7F45CfC064647a3935f7cf4 with 4774703 gas
executing DefaultProxyAdmin.upgrade (tx: 0xada4791e0813d0a4e4aff662babe2b8ffecf3ba0c8c73f3e3dd51b35f84f671b) ...: performed with 38373 gas
reusing "DefaultProxyAdmin" at 0x44E07eB19010DD3c5C06d11a1567A519d675b484
deploying "Afterdeath_Implementation" (tx: 0xe3ac9ce733838569f1ccbc52ec59f22784caa48e1bec9f85ecc16c6634946ea5)...: deployed at 0xB01a61D35cE9D8d90f9bb76B6dCF68760D7f5F33 with 3180252 gas
executing DefaultProxyAdmin.upgrade (tx: 0x04bea68d08d2646bd72de27d2d8a14973b85dd783387287817f2a311c3502d79) ...: performed with 38373 gas
reusing "DefaultProxyAdmin" at 0x44E07eB19010DD3c5C06d11a1567A519d675b484
deploying "StakingRewards_Implementation" (tx: 0x7d352982cb8dce65361e7456d02e17b213d11b837958d0316f29d0c14c7783cc)...: deployed at 0x2DEC6A51B3f775070d4F5c69e99f695c46894aBC with 2993180 gas
executing DefaultProxyAdmin.upgrade (tx: 0xa62bbe655e43522768f2b86405748958a0d5593f03fe238fb04393ab53c2f51a) ...: performed with 38373 gas
deploying "SGE" (tx: 0xd73f29e89726d9576cd06582561be630bbeaf33aa3025854967c8e0ec50f38a6)...: deployed at 0x83b5647569177AB0aaC8b47e647705a8997A68DB with 2005727 gas
reusing "DefaultProxyAdmin" at 0x44E07eB19010DD3c5C06d11a1567A519d675b484
deploying "PRNG_Implementation" (tx: 0xd98b5e48f2bfcb45ba43eee902048d2fe42b0961d4cd99c2590d33d18caa082d)...: deployed at 0x6e6fc1463cDa5E53728D38cb6f0F7B205Bf9D2Db with 282597 gas
executing DefaultProxyAdmin.upgrade (tx: 0x7e21dd8c44e1245ceb15ffdece7d92f7d2623038cb3b6b4fa7106673468533a9) ...: performed with 38373 gas
Vesting contracts will use 1643794827 timestamp
reusing "Vesting" at 0x694fCce2B8CB0523BB1e754a8F8371F05F9Ede2C
Vesting contract deployed with total rewards:38000000000000000000000000



Compiling 63 files with 0.8.0
Compilation finished successfully
reusing "DefaultProxyAdmin" at 0x44E07eB19010DD3c5C06d11a1567A519d675b484
reusing "SnookToken_Implementation" at 0xdeEFeAf4A221302879e230e0Fd0CEfAfa4b652d2
reusing "SkillToken" at 0xE0fc37fb8bf8cb0b4da886f62f4Aa6D86f10Fac4
reusing "UniswapV2Factory" at 0xd6A14836F39c846017950A803520E6D36a06a713
reusing "UniswapV2Router02" at 0xa368C0A30B02aCB3C752e80c074Ffb96e2cb63f0
reusing "UniswapUSDCSkill" at 0xdb4813fFd05F816BEbaf4c9eA2cFD8C9f79777f7
reusing "DefaultProxyAdmin" at 0x44E07eB19010DD3c5C06d11a1567A519d675b484
reusing "Treasury_Implementation" at 0x9715F42Fe20641397899575b8e8a14267b4bc444
reusing "DefaultProxyAdmin" at 0x44E07eB19010DD3c5C06d11a1567A519d675b484
reusing "SnookState_Implementation" at 0x657D03eC531986FEcDe4753c5F67f66993aa958D
reusing "DefaultProxyAdmin" at 0x44E07eB19010DD3c5C06d11a1567A519d675b484
reusing "SkinRewards_Implementation" at 0x2591E4c667734Bb4f668aeA649d66BF2a4872848
reusing "DefaultProxyAdmin" at 0x44E07eB19010DD3c5C06d11a1567A519d675b484
deploying "SnookGame_Implementation" (tx: 0x7685704c77c0449b8f61b969a99180c47f2f916155c8028c839086e6037bb950)...: deployed at 0x42F5BC74F7F8cD292d1f7a7fbE9314Dc3B4Af006 with 4806270 gas
executing DefaultProxyAdmin.upgrade (tx: 0x3af04a0ccf24b7061ccb8692267bf2a144bb21aae04b51126d1d5232ef7562a4) ...: performed with 38373 gas
reusing "DefaultProxyAdmin" at 0x44E07eB19010DD3c5C06d11a1567A519d675b484
reusing "Afterdeath_Implementation" at 0xB01a61D35cE9D8d90f9bb76B6dCF68760D7f5F33
reusing "DefaultProxyAdmin" at 0x44E07eB19010DD3c5C06d11a1567A519d675b484
reusing "StakingRewards_Implementation" at 0x2DEC6A51B3f775070d4F5c69e99f695c46894aBC
reusing "SGE" at 0x83b5647569177AB0aaC8b47e647705a8997A68DB
reusing "DefaultProxyAdmin" at 0x44E07eB19010DD3c5C06d11a1567A519d675b484
reusing "PRNG_Implementation" at 0x6e6fc1463cDa5E53728D38cb6f0F7B205Bf9D2Db
Vesting contracts will use 1643800238 timestamp
reusing "Vesting" at 0x694fCce2B8CB0523BB1e754a8F8371F05F9Ede2C
Vesting contract deployed with total rewards:38000000000000000000000000
