Compiling 62 files with 0.8.0
Compilation finished successfully
reusing "DefaultProxyAdmin" at 0xb1c2f36F1aBe8457855a7934E64Bf5C85FFDF6f5

Nothing to compile
reusing "DefaultProxyAdmin" at 0xb1c2f36F1aBe8457855a7934E64Bf5C85FFDF6f5
deploying "SnookToken_Implementation" (tx: 0xbc6bcaf15cfbd0990a09d0dbeca8d0c9f9ea014144d19135863ed5770ed7b476)...: deployed at 0xfa728A3aE4a06B7168Ffb4Cfdc9aEA65Dc33d277 with 2307449 gas
---------------------------------------------------------------------------------------
Please execute the following:
---------------------------------------------------------------------------------------

from: 0x11fe914689525618c322fc9cd76333BA15a932a6
to: 0xb1c2f36F1aBe8457855a7934E64Bf5C85FFDF6f5 (DefaultProxyAdmin)
method: upgrade
args:
  - 0x4372597f1c600D86598675DCB6cF5713bB7525Cf
  - 0xfa728A3aE4a06B7168Ffb4Cfdc9aEA65Dc33d277

(raw data: 0x99a88ec40000000000000000000000004372597f1c600d86598675dcb6cf5713bb7525cf000000000000000000000000fa728a3ae4a06b7168ffb4cfdc9aea65dc33d277 )

---------------------------------------------------------------------------------------
reusing "SkillToken" at 0x689f8e5913C158fFB5Ac5aeb83b3C875F5d20309
reusing "UniswapUSDCSkill" at 0x31f528c6c193b27d77B874D1c28d113103AF04BF
reusing "DefaultProxyAdmin" at 0xb1c2f36F1aBe8457855a7934E64Bf5C85FFDF6f5
reusing "Treasury_Implementation" at 0x5CDC6FD7bB53C1646f290A921dDf060e8b2b2CCE
reusing "DefaultProxyAdmin" at 0xb1c2f36F1aBe8457855a7934E64Bf5C85FFDF6f5
reusing "SnookState_Implementation" at 0x80f905a3Ed9A9D2130487B71083dd61b7A85217a
reusing "DefaultProxyAdmin" at 0xb1c2f36F1aBe8457855a7934E64Bf5C85FFDF6f5
deploying "SkinRewards_Implementation" (tx: 0x27b82c32f03d86159ae06b73ec7c7edae4e683225c6c03a2f10fdde378a3b355)...: deployed at 0xF2814a52287F661099795Ac83834359B4E3607Ba with 2549218 gas
---------------------------------------------------------------------------------------
Please execute the following:
---------------------------------------------------------------------------------------

from: 0x11fe914689525618c322fc9cd76333BA15a932a6
to: 0xb1c2f36F1aBe8457855a7934E64Bf5C85FFDF6f5 (DefaultProxyAdmin)
method: upgrade
args:
  - 0xD6588E9C555D35B0274f47Dc6b9D4D7917602347
  - 0xF2814a52287F661099795Ac83834359B4E3607Ba

(raw data: 0x99a88ec4000000000000000000000000d6588e9c555d35b0274f47dc6b9d4d7917602347000000000000000000000000f2814a52287f661099795ac83834359b4e3607ba )

---------------------------------------------------------------------------------------
reusing "DefaultProxyAdmin" at 0xb1c2f36F1aBe8457855a7934E64Bf5C85FFDF6f5
deploying "SnookGame_Implementation" (tx: 0x0dec95004ad67d4109f0d6896f255b31fb3e15fb05041de288442f7e287c3907)...: deployed at 0xAEbbbc94A4DAd32cE03e1FD018cd8B99d9d90d23 with 3677459 gas
---------------------------------------------------------------------------------------
Please execute the following:
---------------------------------------------------------------------------------------

from: 0x11fe914689525618c322fc9cd76333BA15a932a6
to: 0xb1c2f36F1aBe8457855a7934E64Bf5C85FFDF6f5 (DefaultProxyAdmin)
method: upgrade
args:
  - 0x1D9Da4c160A34DDA9C808A49D54112a5913c216c
  - 0xAEbbbc94A4DAd32cE03e1FD018cd8B99d9d90d23

(raw data: 0x99a88ec40000000000000000000000001d9da4c160a34dda9c808a49d54112a5913c216c000000000000000000000000aebbbc94a4dad32ce03e1fd018cd8b99d9d90d23 )

---------------------------------------------------------------------------------------
reusing "DefaultProxyAdmin" at 0xb1c2f36F1aBe8457855a7934E64Bf5C85FFDF6f5
deploying "Afterdeath_Implementation" (tx: 0x15fe82bf8a813487e503bd6f1c2307be721f088cf82416f577333df999792011)...: deployed at 0xa7788478bB393804fD4e3b9CF92bdA6D8Ee42cdc with 2516921 gas
---------------------------------------------------------------------------------------
Please execute the following:
---------------------------------------------------------------------------------------

from: 0x11fe914689525618c322fc9cd76333BA15a932a6
to: 0xb1c2f36F1aBe8457855a7934E64Bf5C85FFDF6f5 (DefaultProxyAdmin)
method: upgrade
args:
  - 0x6BC8f0128e4Aaa0B3678b67BB93715fa70fAf3D3
  - 0xa7788478bB393804fD4e3b9CF92bdA6D8Ee42cdc

(raw data: 0x99a88ec40000000000000000000000006bc8f0128e4aaa0b3678b67bb93715fa70faf3d3000000000000000000000000a7788478bb393804fd4e3b9cf92bda6d8ee42cdc )

---------------------------------------------------------------------------------------
reusing "DefaultProxyAdmin" at 0xb1c2f36F1aBe8457855a7934E64Bf5C85FFDF6f5
reusing "StakingRewards_Implementation" at 0x0145C9c5f19Af674349c0Ff29816208cd328c1DC
reusing "SGE" at 0x4cA8FD22B97399421e9D0Cb6F0765bD0a23ddC41
reusing "DefaultProxyAdmin" at 0xb1c2f36F1aBe8457855a7934E64Bf5C85FFDF6f5
reusing "PRNG_Implementation" at 0xEAd99f9001019922644E61505a725724A604EF81
Vesting contracts will use 1639556023 timestamp
reusing "Vesting" at 0x8329Dc7257D71934A29648c0acE54abBF4e9CbC7
Vesting contract deployed with total rewards:37997000000000000000000000
Compiling 62 files with 0.8.0
Compilation finished successfully
reusing "DefaultProxyAdmin" at 0xb1c2f36F1aBe8457855a7934E64Bf5C85FFDF6f5
reusing "SnookToken_Implementation" at 0xfa728A3aE4a06B7168Ffb4Cfdc9aEA65Dc33d277
reusing "SkillToken" at 0x689f8e5913C158fFB5Ac5aeb83b3C875F5d20309
reusing "UniswapUSDCSkill" at 0x31f528c6c193b27d77B874D1c28d113103AF04BF
reusing "DefaultProxyAdmin" at 0xb1c2f36F1aBe8457855a7934E64Bf5C85FFDF6f5
reusing "Treasury_Implementation" at 0x5CDC6FD7bB53C1646f290A921dDf060e8b2b2CCE
reusing "DefaultProxyAdmin" at 0xb1c2f36F1aBe8457855a7934E64Bf5C85FFDF6f5
deploying "SnookState_Implementation" (tx: 0x1ab00e6d24321fb6ff4e72146d7db362efb06d767fa5cd4f312b51c060e7c241)...: deployed at 0xDC22d58c5E56ad3C4A9d7F0dE419E1899f286e59 with 684623 gas
---------------------------------------------------------------------------------------
Please execute the following:
---------------------------------------------------------------------------------------

from: 0x11fe914689525618c322fc9cd76333BA15a932a6
to: 0xb1c2f36F1aBe8457855a7934E64Bf5C85FFDF6f5 (DefaultProxyAdmin)
method: upgrade
args:
  - 0x3473fd176c8F552a1283165cF586EE44BD5b168a
  - 0xDC22d58c5E56ad3C4A9d7F0dE419E1899f286e59

(raw data: 0x99a88ec40000000000000000000000003473fd176c8f552a1283165cf586ee44bd5b168a000000000000000000000000dc22d58c5e56ad3c4a9d7f0de419e1899f286e59 )

---------------------------------------------------------------------------------------
reusing "DefaultProxyAdmin" at 0xb1c2f36F1aBe8457855a7934E64Bf5C85FFDF6f5
reusing "SkinRewards_Implementation" at 0xF2814a52287F661099795Ac83834359B4E3607Ba

Nothing to compile
reusing "DefaultProxyAdmin" at 0xb1c2f36F1aBe8457855a7934E64Bf5C85FFDF6f5
reusing "SnookToken_Implementation" at 0xfa728A3aE4a06B7168Ffb4Cfdc9aEA65Dc33d277
reusing "SkillToken" at 0x689f8e5913C158fFB5Ac5aeb83b3C875F5d20309
reusing "UniswapUSDCSkill" at 0x31f528c6c193b27d77B874D1c28d113103AF04BF
reusing "DefaultProxyAdmin" at 0xb1c2f36F1aBe8457855a7934E64Bf5C85FFDF6f5
reusing "Treasury_Implementation" at 0x5CDC6FD7bB53C1646f290A921dDf060e8b2b2CCE
reusing "DefaultProxyAdmin" at 0xb1c2f36F1aBe8457855a7934E64Bf5C85FFDF6f5
reusing "SnookState_Implementation" at 0xDC22d58c5E56ad3C4A9d7F0dE419E1899f286e59
reusing "DefaultProxyAdmin" at 0xb1c2f36F1aBe8457855a7934E64Bf5C85FFDF6f5
reusing "SkinRewards_Implementation" at 0xF2814a52287F661099795Ac83834359B4E3607Ba

Nothing to compile
reusing "DefaultProxyAdmin" at 0xb1c2f36F1aBe8457855a7934E64Bf5C85FFDF6f5
reusing "SnookToken_Implementation" at 0xfa728A3aE4a06B7168Ffb4Cfdc9aEA65Dc33d277
reusing "SkillToken" at 0x689f8e5913C158fFB5Ac5aeb83b3C875F5d20309
reusing "UniswapUSDCSkill" at 0x31f528c6c193b27d77B874D1c28d113103AF04BF
reusing "DefaultProxyAdmin" at 0xb1c2f36F1aBe8457855a7934E64Bf5C85FFDF6f5
reusing "Treasury_Implementation" at 0x5CDC6FD7bB53C1646f290A921dDf060e8b2b2CCE
reusing "DefaultProxyAdmin" at 0xb1c2f36F1aBe8457855a7934E64Bf5C85FFDF6f5
reusing "SnookState_Implementation" at 0xDC22d58c5E56ad3C4A9d7F0dE419E1899f286e59
reusing "DefaultProxyAdmin" at 0xb1c2f36F1aBe8457855a7934E64Bf5C85FFDF6f5
reusing "SkinRewards_Implementation" at 0xF2814a52287F661099795Ac83834359B4E3607Ba

Nothing to compile
reusing "DefaultProxyAdmin" at 0xb1c2f36F1aBe8457855a7934E64Bf5C85FFDF6f5
reusing "SnookToken_Implementation" at 0xfa728A3aE4a06B7168Ffb4Cfdc9aEA65Dc33d277
reusing "SkillToken" at 0x689f8e5913C158fFB5Ac5aeb83b3C875F5d20309
reusing "UniswapUSDCSkill" at 0x31f528c6c193b27d77B874D1c28d113103AF04BF
reusing "DefaultProxyAdmin" at 0xb1c2f36F1aBe8457855a7934E64Bf5C85FFDF6f5
reusing "Treasury_Implementation" at 0x5CDC6FD7bB53C1646f290A921dDf060e8b2b2CCE
reusing "DefaultProxyAdmin" at 0xb1c2f36F1aBe8457855a7934E64Bf5C85FFDF6f5
reusing "SnookState_Implementation" at 0xDC22d58c5E56ad3C4A9d7F0dE419E1899f286e59
reusing "DefaultProxyAdmin" at 0xb1c2f36F1aBe8457855a7934E64Bf5C85FFDF6f5
reusing "SkinRewards_Implementation" at 0xF2814a52287F661099795Ac83834359B4E3607Ba

Compiling 62 files with 0.8.0
Compilation finished successfully
reusing "DefaultProxyAdmin" at 0xb1c2f36F1aBe8457855a7934E64Bf5C85FFDF6f5
reusing "SnookToken_Implementation" at 0xfa728A3aE4a06B7168Ffb4Cfdc9aEA65Dc33d277
reusing "SkillToken" at 0x689f8e5913C158fFB5Ac5aeb83b3C875F5d20309
reusing "UniswapUSDCSkill" at 0x31f528c6c193b27d77B874D1c28d113103AF04BF
reusing "DefaultProxyAdmin" at 0xb1c2f36F1aBe8457855a7934E64Bf5C85FFDF6f5
reusing "Treasury_Implementation" at 0x5CDC6FD7bB53C1646f290A921dDf060e8b2b2CCE
reusing "DefaultProxyAdmin" at 0xb1c2f36F1aBe8457855a7934E64Bf5C85FFDF6f5
reusing "SnookState_Implementation" at 0xDC22d58c5E56ad3C4A9d7F0dE419E1899f286e59
reusing "DefaultProxyAdmin" at 0xb1c2f36F1aBe8457855a7934E64Bf5C85FFDF6f5
deploying "SkinRewards_Implementation" (tx: 0xe0c0fe722484444125768268ffa4c2edd65ee2a671c2105a88d0cbb4661d7a66)...Nothing to compile
transaction 0xe0c0fe722484444125768268ffa4c2edd65ee2a671c2105a88d0cbb4661d7a66 cannot be found among peers
[?25l[36m?[39m [1mChoose what to do with the pending transaction:[22m [2m…[22m 
[36m▸[39m [36m[4mincrease gas[24m[39m
  broadcast again
  skip (forget tx)[3A[53G[3B[2K[F[2K[F[2K[F[2K[1G[36m?[39m [1mChoose what to do with the pending transaction:[22m [2m…[22m 
  increase gas
[36m▸[39m [36m[4mbroadcast again[24m[39m
  skip (forget tx)[3A[53G[3B[2K[F[2K[F[2K[F[2K[1G[36m?[39m [1mChoose what to do with the pending transaction:[22m [2m…[22m 
  increase gas
  broadcast again
[36m▸[39m [36m[4mskip (forget tx)[24m[39m[3A[53G[3B[2K[F[2K[F[2K[F[2K[1G[32m✔[39m [1mChoose what to do with the pending transaction:[22m [2m·[22m [36mskip (forget tx)[39m[15D
reusing "DefaultProxyAdmin" at 0xb1c2f36F1aBe8457855a7934E64Bf5C85FFDF6f5
reusing "SnookToken_Implementation" at 0xfa728A3aE4a06B7168Ffb4Cfdc9aEA65Dc33d277
reusing "SkillToken" at 0x689f8e5913C158fFB5Ac5aeb83b3C875F5d20309
reusing "UniswapUSDCSkill" at 0x31f528c6c193b27d77B874D1c28d113103AF04BF
reusing "DefaultProxyAdmin" at 0xb1c2f36F1aBe8457855a7934E64Bf5C85FFDF6f5
reusing "Treasury_Implementation" at 0x5CDC6FD7bB53C1646f290A921dDf060e8b2b2CCE
reusing "DefaultProxyAdmin" at 0xb1c2f36F1aBe8457855a7934E64Bf5C85FFDF6f5
reusing "SnookState_Implementation" at 0xDC22d58c5E56ad3C4A9d7F0dE419E1899f286e59
reusing "DefaultProxyAdmin" at 0xb1c2f36F1aBe8457855a7934E64Bf5C85FFDF6f5
deploying "SkinRewards_Implementation" (tx: 0xcdcbc7e56ac6ffc92fb46a21a8676be0a10eb04e7070906397a04abb6a79aa05)...: deployed at 0x4DE0a5b417300b3B09316B1bc9620F861e1E99d2 with 2555466 gas
---------------------------------------------------------------------------------------
Please execute the following:
---------------------------------------------------------------------------------------

from: 0x11fe914689525618c322fc9cd76333BA15a932a6
to: 0xb1c2f36F1aBe8457855a7934E64Bf5C85FFDF6f5 (DefaultProxyAdmin)
method: upgrade
args:
  - 0xD6588E9C555D35B0274f47Dc6b9D4D7917602347
  - 0x4DE0a5b417300b3B09316B1bc9620F861e1E99d2

(raw data: 0x99a88ec4000000000000000000000000d6588e9c555d35b0274f47dc6b9d4d79176023470000000000000000000000004de0a5b417300b3b09316b1bc9620f861e1e99d2 )

---------------------------------------------------------------------------------------
reusing "DefaultProxyAdmin" at 0xb1c2f36F1aBe8457855a7934E64Bf5C85FFDF6f5
reusing "SnookGame_Implementation" at 0xAEbbbc94A4DAd32cE03e1FD018cd8B99d9d90d23
reusing "DefaultProxyAdmin" at 0xb1c2f36F1aBe8457855a7934E64Bf5C85FFDF6f5
reusing "Afterdeath_Implementation" at 0xa7788478bB393804fD4e3b9CF92bdA6D8Ee42cdc
reusing "DefaultProxyAdmin" at 0xb1c2f36F1aBe8457855a7934E64Bf5C85FFDF6f5
reusing "StakingRewards_Implementation" at 0x0145C9c5f19Af674349c0Ff29816208cd328c1DC
reusing "SGE" at 0x4cA8FD22B97399421e9D0Cb6F0765bD0a23ddC41
reusing "DefaultProxyAdmin" at 0xb1c2f36F1aBe8457855a7934E64Bf5C85FFDF6f5
reusing "PRNG_Implementation" at 0xEAd99f9001019922644E61505a725724A604EF81
Vesting contracts will use 1639574736 timestamp
reusing "Vesting" at 0x8329Dc7257D71934A29648c0acE54abBF4e9CbC7
Vesting contract deployed with total rewards:37997000000000000000000000
[?25hNothing to compile
reusing "DefaultProxyAdmin" at 0xb1c2f36F1aBe8457855a7934E64Bf5C85FFDF6f5
reusing "SnookToken_Implementation" at 0xfa728A3aE4a06B7168Ffb4Cfdc9aEA65Dc33d277
reusing "SkillToken" at 0x689f8e5913C158fFB5Ac5aeb83b3C875F5d20309
reusing "UniswapUSDCSkill" at 0x31f528c6c193b27d77B874D1c28d113103AF04BF
reusing "DefaultProxyAdmin" at 0xb1c2f36F1aBe8457855a7934E64Bf5C85FFDF6f5
reusing "Treasury_Implementation" at 0x5CDC6FD7bB53C1646f290A921dDf060e8b2b2CCE
reusing "DefaultProxyAdmin" at 0xb1c2f36F1aBe8457855a7934E64Bf5C85FFDF6f5
reusing "SnookState_Implementation" at 0xDC22d58c5E56ad3C4A9d7F0dE419E1899f286e59
reusing "DefaultProxyAdmin" at 0xb1c2f36F1aBe8457855a7934E64Bf5C85FFDF6f5
reusing "SkinRewards_Implementation" at 0x4DE0a5b417300b3B09316B1bc9620F861e1E99d2

Nothing to compile
reusing "DefaultProxyAdmin" at 0xb1c2f36F1aBe8457855a7934E64Bf5C85FFDF6f5
reusing "SnookToken_Implementation" at 0xfa728A3aE4a06B7168Ffb4Cfdc9aEA65Dc33d277
reusing "SkillToken" at 0x689f8e5913C158fFB5Ac5aeb83b3C875F5d20309
reusing "UniswapUSDCSkill" at 0x31f528c6c193b27d77B874D1c28d113103AF04BF
reusing "DefaultProxyAdmin" at 0xb1c2f36F1aBe8457855a7934E64Bf5C85FFDF6f5
reusing "Treasury_Implementation" at 0x5CDC6FD7bB53C1646f290A921dDf060e8b2b2CCE
reusing "DefaultProxyAdmin" at 0xb1c2f36F1aBe8457855a7934E64Bf5C85FFDF6f5
reusing "SnookState_Implementation" at 0xDC22d58c5E56ad3C4A9d7F0dE419E1899f286e59
reusing "DefaultProxyAdmin" at 0xb1c2f36F1aBe8457855a7934E64Bf5C85FFDF6f5
reusing "SkinRewards_Implementation" at 0x4DE0a5b417300b3B09316B1bc9620F861e1E99d2

Compiling 62 files with 0.8.0
Compilation finished successfully
reusing "DefaultProxyAdmin" at 0xb1c2f36F1aBe8457855a7934E64Bf5C85FFDF6f5
reusing "SnookToken_Implementation" at 0xfa728A3aE4a06B7168Ffb4Cfdc9aEA65Dc33d277
reusing "SkillToken" at 0x689f8e5913C158fFB5Ac5aeb83b3C875F5d20309
reusing "UniswapUSDCSkill" at 0x31f528c6c193b27d77B874D1c28d113103AF04BF
reusing "DefaultProxyAdmin" at 0xb1c2f36F1aBe8457855a7934E64Bf5C85FFDF6f5
reusing "Treasury_Implementation" at 0x5CDC6FD7bB53C1646f290A921dDf060e8b2b2CCE
reusing "DefaultProxyAdmin" at 0xb1c2f36F1aBe8457855a7934E64Bf5C85FFDF6f5
reusing "SnookState_Implementation" at 0xDC22d58c5E56ad3C4A9d7F0dE419E1899f286e59
reusing "DefaultProxyAdmin" at 0xb1c2f36F1aBe8457855a7934E64Bf5C85FFDF6f5
deploying "SkinRewards_Implementation" (tx: 0xa28dacc11f663d4e20876100a1941ee3ca6e0824b123758ec34f712fe913ec8a)...: deployed at 0x48067B9B1D6590Dd16600D0370ed82e85F6B5D5f with 2549218 gas
---------------------------------------------------------------------------------------
Please execute the following:
---------------------------------------------------------------------------------------

from: 0x11fe914689525618c322fc9cd76333BA15a932a6
to: 0xb1c2f36F1aBe8457855a7934E64Bf5C85FFDF6f5 (DefaultProxyAdmin)
method: upgrade
args:
  - 0xD6588E9C555D35B0274f47Dc6b9D4D7917602347
  - 0x48067B9B1D6590Dd16600D0370ed82e85F6B5D5f

(raw data: 0x99a88ec4000000000000000000000000d6588e9c555d35b0274f47dc6b9d4d791760234700000000000000000000000048067b9b1d6590dd16600d0370ed82e85f6b5d5f )

---------------------------------------------------------------------------------------
reusing "DefaultProxyAdmin" at 0xb1c2f36F1aBe8457855a7934E64Bf5C85FFDF6f5
reusing "SnookGame_Implementation" at 0xAEbbbc94A4DAd32cE03e1FD018cd8B99d9d90d23
reusing "DefaultProxyAdmin" at 0xb1c2f36F1aBe8457855a7934E64Bf5C85FFDF6f5
deploying "Afterdeath_Implementation" (tx: 0xd33babf615c4ac74c1fb2a371f6d0da991e5600b9d655683acca25b53490afba)...: deployed at 0xf77f84D538b8840eED6b8DD29F2af31e5f12f46f with 2530508 gas
---------------------------------------------------------------------------------------
Please execute the following:
---------------------------------------------------------------------------------------

from: 0x11fe914689525618c322fc9cd76333BA15a932a6
to: 0xb1c2f36F1aBe8457855a7934E64Bf5C85FFDF6f5 (DefaultProxyAdmin)
method: upgrade
args:
  - 0x6BC8f0128e4Aaa0B3678b67BB93715fa70fAf3D3
  - 0xf77f84D538b8840eED6b8DD29F2af31e5f12f46f

(raw data: 0x99a88ec40000000000000000000000006bc8f0128e4aaa0b3678b67bb93715fa70faf3d3000000000000000000000000f77f84d538b8840eed6b8dd29f2af31e5f12f46f )

---------------------------------------------------------------------------------------
reusing "DefaultProxyAdmin" at 0xb1c2f36F1aBe8457855a7934E64Bf5C85FFDF6f5
reusing "StakingRewards_Implementation" at 0x0145C9c5f19Af674349c0Ff29816208cd328c1DC
reusing "SGE" at 0x4cA8FD22B97399421e9D0Cb6F0765bD0a23ddC41
reusing "DefaultProxyAdmin" at 0xb1c2f36F1aBe8457855a7934E64Bf5C85FFDF6f5
reusing "PRNG_Implementation" at 0xEAd99f9001019922644E61505a725724A604EF81
Vesting contracts will use 1639586908 timestamp
reusing "Vesting" at 0x8329Dc7257D71934A29648c0acE54abBF4e9CbC7
Vesting contract deployed with total rewards:37997000000000000000000000
Compiling 62 files with 0.8.0
Compilation finished successfully
reusing "DefaultProxyAdmin" at 0xb1c2f36F1aBe8457855a7934E64Bf5C85FFDF6f5
reusing "SnookToken_Implementation" at 0xfa728A3aE4a06B7168Ffb4Cfdc9aEA65Dc33d277
reusing "SkillToken" at 0x689f8e5913C158fFB5Ac5aeb83b3C875F5d20309
reusing "UniswapUSDCSkill" at 0x31f528c6c193b27d77B874D1c28d113103AF04BF
reusing "DefaultProxyAdmin" at 0xb1c2f36F1aBe8457855a7934E64Bf5C85FFDF6f5
reusing "Treasury_Implementation" at 0x5CDC6FD7bB53C1646f290A921dDf060e8b2b2CCE
reusing "DefaultProxyAdmin" at 0xb1c2f36F1aBe8457855a7934E64Bf5C85FFDF6f5
reusing "SnookState_Implementation" at 0xDC22d58c5E56ad3C4A9d7F0dE419E1899f286e59
reusing "DefaultProxyAdmin" at 0xb1c2f36F1aBe8457855a7934E64Bf5C85FFDF6f5
deploying "SkinRewards_Implementation" (tx: 0x35e202e2ac9d505a0e4ad9a943bc1f713e7b0689593110ba36d749fd275718e6)...: deployed at 0xAd4086c7979cb24AD103d58fa107d7B17343E7b2 with 2549218 gas
---------------------------------------------------------------------------------------
Please execute the following:
---------------------------------------------------------------------------------------

from: 0x11fe914689525618c322fc9cd76333BA15a932a6
to: 0xb1c2f36F1aBe8457855a7934E64Bf5C85FFDF6f5 (DefaultProxyAdmin)
method: upgrade
args:
  - 0xD6588E9C555D35B0274f47Dc6b9D4D7917602347
  - 0xAd4086c7979cb24AD103d58fa107d7B17343E7b2

(raw data: 0x99a88ec4000000000000000000000000d6588e9c555d35b0274f47dc6b9d4d7917602347000000000000000000000000ad4086c7979cb24ad103d58fa107d7b17343e7b2 )

---------------------------------------------------------------------------------------
reusing "DefaultProxyAdmin" at 0xb1c2f36F1aBe8457855a7934E64Bf5C85FFDF6f5
reusing "SnookGame_Implementation" at 0xAEbbbc94A4DAd32cE03e1FD018cd8B99d9d90d23
reusing "DefaultProxyAdmin" at 0xb1c2f36F1aBe8457855a7934E64Bf5C85FFDF6f5
reusing "Afterdeath_Implementation" at 0xf77f84D538b8840eED6b8DD29F2af31e5f12f46f
reusing "DefaultProxyAdmin" at 0xb1c2f36F1aBe8457855a7934E64Bf5C85FFDF6f5
reusing "StakingRewards_Implementation" at 0x0145C9c5f19Af674349c0Ff29816208cd328c1DC
reusing "SGE" at 0x4cA8FD22B97399421e9D0Cb6F0765bD0a23ddC41
reusing "DefaultProxyAdmin" at 0xb1c2f36F1aBe8457855a7934E64Bf5C85FFDF6f5
reusing "PRNG_Implementation" at 0xEAd99f9001019922644E61505a725724A604EF81
Vesting contracts will use 1639666023 timestamp
reusing "Vesting" at 0x8329Dc7257D71934A29648c0acE54abBF4e9CbC7
Vesting contract deployed with total rewards:37997000000000000000000000
Nothing to compile
reusing "DefaultProxyAdmin" at 0xb1c2f36F1aBe8457855a7934E64Bf5C85FFDF6f5
reusing "SnookToken_Implementation" at 0xfa728A3aE4a06B7168Ffb4Cfdc9aEA65Dc33d277
reusing "SkillToken" at 0x689f8e5913C158fFB5Ac5aeb83b3C875F5d20309
reusing "UniswapUSDCSkill" at 0x31f528c6c193b27d77B874D1c28d113103AF04BF
reusing "DefaultProxyAdmin" at 0xb1c2f36F1aBe8457855a7934E64Bf5C85FFDF6f5
reusing "Treasury_Implementation" at 0x5CDC6FD7bB53C1646f290A921dDf060e8b2b2CCE
reusing "DefaultProxyAdmin" at 0xb1c2f36F1aBe8457855a7934E64Bf5C85FFDF6f5
reusing "SnookState_Implementation" at 0xDC22d58c5E56ad3C4A9d7F0dE419E1899f286e59
reusing "DefaultProxyAdmin" at 0xb1c2f36F1aBe8457855a7934E64Bf5C85FFDF6f5
reusing "SkinRewards_Implementation" at 0xAd4086c7979cb24AD103d58fa107d7B17343E7b2
reusing "DefaultProxyAdmin" at 0xb1c2f36F1aBe8457855a7934E64Bf5C85FFDF6f5
reusing "SnookGame_Implementation" at 0xAEbbbc94A4DAd32cE03e1FD018cd8B99d9d90d23
reusing "DefaultProxyAdmin" at 0xb1c2f36F1aBe8457855a7934E64Bf5C85FFDF6f5
reusing "Afterdeath_Implementation" at 0xf77f84D538b8840eED6b8DD29F2af31e5f12f46f
reusing "DefaultProxyAdmin" at 0xb1c2f36F1aBe8457855a7934E64Bf5C85FFDF6f5
reusing "StakingRewards_Implementation" at 0x0145C9c5f19Af674349c0Ff29816208cd328c1DC
reusing "SGE" at 0x4cA8FD22B97399421e9D0Cb6F0765bD0a23ddC41
reusing "DefaultProxyAdmin" at 0xb1c2f36F1aBe8457855a7934E64Bf5C85FFDF6f5
reusing "PRNG_Implementation" at 0xEAd99f9001019922644E61505a725724A604EF81
Vesting contracts will use 1639670404 timestamp
reusing "Vesting" at 0x8329Dc7257D71934A29648c0acE54abBF4e9CbC7
Vesting contract deployed with total rewards:37997000000000000000000000
