Compiling 63 files with 0.8.0
Compilation finished successfully
reusing "DefaultProxyAdmin" at 0xb1c2f36F1aBe8457855a7934E64Bf5C85FFDF6f5
deploying "SnookToken_Implementation" (tx: 0x98bd5ee1048bbca212a4cc610df02df50e6b7f099dc5445affd7d96cb90a4192)...: deployed at 0x48525B10Bf172C0Ad1169b492FC40Fb069a7EFc0 with 2434853 gas
---------------------------------------------------------------------------------------
Please execute the following:
---------------------------------------------------------------------------------------

from: 0x11fe914689525618c322fc9cd76333BA15a932a6
to: 0xb1c2f36F1aBe8457855a7934E64Bf5C85FFDF6f5 (DefaultProxyAdmin)
method: upgrade
args:
  - 0x4372597f1c600D86598675DCB6cF5713bB7525Cf
  - 0x48525B10Bf172C0Ad1169b492FC40Fb069a7EFc0

(raw data: 0x99a88ec40000000000000000000000004372597f1c600d86598675dcb6cf5713bb7525cf00000000000000000000000048525b10bf172c0ad1169b492fc40fb069a7efc0 )

---------------------------------------------------------------------------------------
reusing "SkillToken" at 0x689f8e5913C158fFB5Ac5aeb83b3C875F5d20309
reusing "UniswapUSDCSkill" at 0x31f528c6c193b27d77B874D1c28d113103AF04BF
reusing "DefaultProxyAdmin" at 0xb1c2f36F1aBe8457855a7934E64Bf5C85FFDF6f5
deploying "Treasury_Implementation" (tx: 0x1b35ebc7bbc359ce1f0450ac3aeee08be2fee76096729890ce1ea70af9240681)...: deployed at 0x5BBE29B17De0c6CD56f4A83C2608eCa3d6B744b8 with 1111529 gas
---------------------------------------------------------------------------------------
Please execute the following:
---------------------------------------------------------------------------------------

from: 0x11fe914689525618c322fc9cd76333BA15a932a6
to: 0xb1c2f36F1aBe8457855a7934E64Bf5C85FFDF6f5 (DefaultProxyAdmin)
method: upgrade
args:
  - 0xf9C79145f8314311814dA0de2767e8fd6B30C24f
  - 0x5BBE29B17De0c6CD56f4A83C2608eCa3d6B744b8

(raw data: 0x99a88ec4000000000000000000000000f9c79145f8314311814da0de2767e8fd6b30c24f0000000000000000000000005bbe29b17de0c6cd56f4a83c2608eca3d6b744b8 )

---------------------------------------------------------------------------------------
reusing "DefaultProxyAdmin" at 0xb1c2f36F1aBe8457855a7934E64Bf5C85FFDF6f5
deploying "SnookState_Implementation" (tx: 0xde643a48dd799d45bb298c1ae681ab7e9ce3ae31041982b4afe606a194e36371)...: deployed at 0xE6fba94e02f6f8CEbf155d5ECC590C3Aa9c3A811 with 845210 gas
---------------------------------------------------------------------------------------
Please execute the following:
---------------------------------------------------------------------------------------

from: 0x11fe914689525618c322fc9cd76333BA15a932a6
to: 0xb1c2f36F1aBe8457855a7934E64Bf5C85FFDF6f5 (DefaultProxyAdmin)
method: upgrade
args:
  - 0x3473fd176c8F552a1283165cF586EE44BD5b168a
  - 0xE6fba94e02f6f8CEbf155d5ECC590C3Aa9c3A811

(raw data: 0x99a88ec40000000000000000000000003473fd176c8f552a1283165cf586ee44bd5b168a000000000000000000000000e6fba94e02f6f8cebf155d5ecc590c3aa9c3a811 )

---------------------------------------------------------------------------------------
reusing "DefaultProxyAdmin" at 0xb1c2f36F1aBe8457855a7934E64Bf5C85FFDF6f5
deploying "SkinRewards_Implementation" (tx: 0x143a336e60864ec3440419de21d314e464dc717fb8d9d4adc4978bf5af558c44)...: deployed at 0x8Ecf549d145b1D2C854D3a3C71117766Bccd0359 with 1524816 gas
---------------------------------------------------------------------------------------
Please execute the following:
---------------------------------------------------------------------------------------

from: 0x11fe914689525618c322fc9cd76333BA15a932a6
to: 0xb1c2f36F1aBe8457855a7934E64Bf5C85FFDF6f5 (DefaultProxyAdmin)
method: upgrade
args:
  - 0xD6588E9C555D35B0274f47Dc6b9D4D7917602347
  - 0x8Ecf549d145b1D2C854D3a3C71117766Bccd0359

(raw data: 0x99a88ec4000000000000000000000000d6588e9c555d35b0274f47dc6b9d4d79176023470000000000000000000000008ecf549d145b1d2c854d3a3c71117766bccd0359 )

---------------------------------------------------------------------------------------
reusing "DefaultProxyAdmin" at 0xb1c2f36F1aBe8457855a7934E64Bf5C85FFDF6f5
deploying "SnookGame_Implementation" (tx: 0x3ddb186e8ae632e734602d5ab143ee8ada17a1c75a6de9fe15eddd765dd50c88)...: deployed at 0x56c6619d658232106998C00FfEd09Cad97Cd1247 with 3849513 gas
---------------------------------------------------------------------------------------
Please execute the following:
---------------------------------------------------------------------------------------

from: 0x11fe914689525618c322fc9cd76333BA15a932a6
to: 0xb1c2f36F1aBe8457855a7934E64Bf5C85FFDF6f5 (DefaultProxyAdmin)
method: upgrade
args:
  - 0x1D9Da4c160A34DDA9C808A49D54112a5913c216c
  - 0x56c6619d658232106998C00FfEd09Cad97Cd1247

(raw data: 0x99a88ec40000000000000000000000001d9da4c160a34dda9c808a49d54112a5913c216c00000000000000000000000056c6619d658232106998c00ffed09cad97cd1247 )

---------------------------------------------------------------------------------------
reusing "DefaultProxyAdmin" at 0xb1c2f36F1aBe8457855a7934E64Bf5C85FFDF6f5
deploying "Afterdeath_Implementation" (tx: 0x75a55fcc536ae0d2289d590eeed7768d2ce96495c0962d1ebfaed9b9ccfa454e)...: deployed at 0xe20DE25D194710329350BF7257aE7e1e2D7796e4 with 2629024 gas
---------------------------------------------------------------------------------------
Please execute the following:
---------------------------------------------------------------------------------------

from: 0x11fe914689525618c322fc9cd76333BA15a932a6
to: 0xb1c2f36F1aBe8457855a7934E64Bf5C85FFDF6f5 (DefaultProxyAdmin)
method: upgrade
args:
  - 0x6BC8f0128e4Aaa0B3678b67BB93715fa70fAf3D3
  - 0xe20DE25D194710329350BF7257aE7e1e2D7796e4

(raw data: 0x99a88ec40000000000000000000000006bc8f0128e4aaa0b3678b67bb93715fa70faf3d3000000000000000000000000e20de25d194710329350bf7257ae7e1e2d7796e4 )

---------------------------------------------------------------------------------------
reusing "DefaultProxyAdmin" at 0xb1c2f36F1aBe8457855a7934E64Bf5C85FFDF6f5
deploying "StakingRewards_Implementation" (tx: 0x7fcb09a9986145b3b165a2022c07c858d181604cbb01f59983113ff03fb062d5)...: deployed at 0xB6A470fc93249ca937de8850513d2c6A4fc7037D with 2398512 gas
---------------------------------------------------------------------------------------
Please execute the following:
---------------------------------------------------------------------------------------

from: 0x11fe914689525618c322fc9cd76333BA15a932a6
to: 0xb1c2f36F1aBe8457855a7934E64Bf5C85FFDF6f5 (DefaultProxyAdmin)
method: upgrade
args:
  - 0x86C1a81e411fbB463242C0F6514973D69A615bF0
  - 0xB6A470fc93249ca937de8850513d2c6A4fc7037D

(raw data: 0x99a88ec400000000000000000000000086c1a81e411fbb463242c0f6514973d69a615bf0000000000000000000000000b6a470fc93249ca937de8850513d2c6a4fc7037d )

---------------------------------------------------------------------------------------
deploying "SGE" (tx: 0xe47cdd7954dab7e3a0c19f7581739a75fda39bdc98ffd489628955ef38cb08bb)...: deployed at 0xF1E282fBD5b55a55A4cc9274b5923B650805e8ac with 1663121 gas
reusing "DefaultProxyAdmin" at 0xb1c2f36F1aBe8457855a7934E64Bf5C85FFDF6f5
reusing "PRNG_Implementation" at 0xEAd99f9001019922644E61505a725724A604EF81
Vesting contracts will use 1644920594 timestamp
reusing "Vesting" at 0x8329Dc7257D71934A29648c0acE54abBF4e9CbC7
Vesting contract deployed with total rewards:37997000000000000000000000
Nothing to compile
reusing "DefaultProxyAdmin" at 0xb1c2f36F1aBe8457855a7934E64Bf5C85FFDF6f5
reusing "SnookToken_Implementation" at 0x48525B10Bf172C0Ad1169b492FC40Fb069a7EFc0
reusing "SkillToken" at 0x689f8e5913C158fFB5Ac5aeb83b3C875F5d20309
reusing "UniswapUSDCSkill" at 0x31f528c6c193b27d77B874D1c28d113103AF04BF
reusing "DefaultProxyAdmin" at 0xb1c2f36F1aBe8457855a7934E64Bf5C85FFDF6f5
reusing "Treasury_Implementation" at 0x5BBE29B17De0c6CD56f4A83C2608eCa3d6B744b8
reusing "DefaultProxyAdmin" at 0xb1c2f36F1aBe8457855a7934E64Bf5C85FFDF6f5
reusing "SnookState_Implementation" at 0xE6fba94e02f6f8CEbf155d5ECC590C3Aa9c3A811
reusing "DefaultProxyAdmin" at 0xb1c2f36F1aBe8457855a7934E64Bf5C85FFDF6f5
reusing "SkinRewards_Implementation" at 0x8Ecf549d145b1D2C854D3a3C71117766Bccd0359
reusing "DefaultProxyAdmin" at 0xb1c2f36F1aBe8457855a7934E64Bf5C85FFDF6f5
reusing "SnookGame_Implementation" at 0x56c6619d658232106998C00FfEd09Cad97Cd1247
reusing "DefaultProxyAdmin" at 0xb1c2f36F1aBe8457855a7934E64Bf5C85FFDF6f5
reusing "Afterdeath_Implementation" at 0xe20DE25D194710329350BF7257aE7e1e2D7796e4
reusing "DefaultProxyAdmin" at 0xb1c2f36F1aBe8457855a7934E64Bf5C85FFDF6f5
reusing "StakingRewards_Implementation" at 0xB6A470fc93249ca937de8850513d2c6A4fc7037D
reusing "SGE" at 0xF1E282fBD5b55a55A4cc9274b5923B650805e8ac
reusing "DefaultProxyAdmin" at 0xb1c2f36F1aBe8457855a7934E64Bf5C85FFDF6f5
reusing "PRNG_Implementation" at 0xEAd99f9001019922644E61505a725724A604EF81
Vesting contracts will use 1644935491 timestamp
reusing "Vesting" at 0x8329Dc7257D71934A29648c0acE54abBF4e9CbC7
Vesting contract deployed with total rewards:37997000000000000000000000
Compiling 63 files with 0.8.0
Compilation finished successfully
reusing "DefaultProxyAdmin" at 0xb1c2f36F1aBe8457855a7934E64Bf5C85FFDF6f5
reusing "SnookToken_Implementation" at 0x48525B10Bf172C0Ad1169b492FC40Fb069a7EFc0
reusing "SkillToken" at 0x689f8e5913C158fFB5Ac5aeb83b3C875F5d20309
reusing "UniswapUSDCSkill" at 0x31f528c6c193b27d77B874D1c28d113103AF04BF
reusing "DefaultProxyAdmin" at 0xb1c2f36F1aBe8457855a7934E64Bf5C85FFDF6f5
reusing "Treasury_Implementation" at 0x5BBE29B17De0c6CD56f4A83C2608eCa3d6B744b8
reusing "DefaultProxyAdmin" at 0xb1c2f36F1aBe8457855a7934E64Bf5C85FFDF6f5
reusing "SnookState_Implementation" at 0xE6fba94e02f6f8CEbf155d5ECC590C3Aa9c3A811
reusing "DefaultProxyAdmin" at 0xb1c2f36F1aBe8457855a7934E64Bf5C85FFDF6f5
reusing "SkinRewards_Implementation" at 0x8Ecf549d145b1D2C854D3a3C71117766Bccd0359
reusing "DefaultProxyAdmin" at 0xb1c2f36F1aBe8457855a7934E64Bf5C85FFDF6f5
reusing "SnookGame_Implementation" at 0x56c6619d658232106998C00FfEd09Cad97Cd1247
reusing "DefaultProxyAdmin" at 0xb1c2f36F1aBe8457855a7934E64Bf5C85FFDF6f5
reusing "Afterdeath_Implementation" at 0xe20DE25D194710329350BF7257aE7e1e2D7796e4
reusing "DefaultProxyAdmin" at 0xb1c2f36F1aBe8457855a7934E64Bf5C85FFDF6f5
deploying "StakingRewards_Implementation" (tx: 0x70aaadad3c42b2dc4a05f66d124576fef4f4e28bfee30b52980199a9e86c6e6b)...: deployed at 0x67a7e02147E1c92c738803e5a4a23c19d02b1b27 with 2398512 gas
---------------------------------------------------------------------------------------
Please execute the following:
---------------------------------------------------------------------------------------

from: 0x11fe914689525618c322fc9cd76333BA15a932a6
to: 0xb1c2f36F1aBe8457855a7934E64Bf5C85FFDF6f5 (DefaultProxyAdmin)
method: upgrade
args:
  - 0x86C1a81e411fbB463242C0F6514973D69A615bF0
  - 0x67a7e02147E1c92c738803e5a4a23c19d02b1b27

(raw data: 0x99a88ec400000000000000000000000086c1a81e411fbb463242c0f6514973d69a615bf000000000000000000000000067a7e02147e1c92c738803e5a4a23c19d02b1b27 )

---------------------------------------------------------------------------------------
reusing "SGE" at 0xF1E282fBD5b55a55A4cc9274b5923B650805e8ac
reusing "DefaultProxyAdmin" at 0xb1c2f36F1aBe8457855a7934E64Bf5C85FFDF6f5
reusing "PRNG_Implementation" at 0xEAd99f9001019922644E61505a725724A604EF81
Vesting contracts will use 1644938633 timestamp
reusing "Vesting" at 0x8329Dc7257D71934A29648c0acE54abBF4e9CbC7
Vesting contract deployed with total rewards:37997000000000000000000000
Nothing to compile
reusing "DefaultProxyAdmin" at 0xb1c2f36F1aBe8457855a7934E64Bf5C85FFDF6f5
reusing "SnookToken_Implementation" at 0x48525B10Bf172C0Ad1169b492FC40Fb069a7EFc0
reusing "SkillToken" at 0x689f8e5913C158fFB5Ac5aeb83b3C875F5d20309
reusing "UniswapUSDCSkill" at 0x31f528c6c193b27d77B874D1c28d113103AF04BF
reusing "DefaultProxyAdmin" at 0xb1c2f36F1aBe8457855a7934E64Bf5C85FFDF6f5
reusing "Treasury_Implementation" at 0x5BBE29B17De0c6CD56f4A83C2608eCa3d6B744b8
reusing "DefaultProxyAdmin" at 0xb1c2f36F1aBe8457855a7934E64Bf5C85FFDF6f5
reusing "SnookState_Implementation" at 0xE6fba94e02f6f8CEbf155d5ECC590C3Aa9c3A811
reusing "DefaultProxyAdmin" at 0xb1c2f36F1aBe8457855a7934E64Bf5C85FFDF6f5
reusing "SkinRewards_Implementation" at 0x8Ecf549d145b1D2C854D3a3C71117766Bccd0359
reusing "DefaultProxyAdmin" at 0xb1c2f36F1aBe8457855a7934E64Bf5C85FFDF6f5
reusing "SnookGame_Implementation" at 0x56c6619d658232106998C00FfEd09Cad97Cd1247
reusing "DefaultProxyAdmin" at 0xb1c2f36F1aBe8457855a7934E64Bf5C85FFDF6f5
reusing "Afterdeath_Implementation" at 0xe20DE25D194710329350BF7257aE7e1e2D7796e4
reusing "DefaultProxyAdmin" at 0xb1c2f36F1aBe8457855a7934E64Bf5C85FFDF6f5
reusing "StakingRewards_Implementation" at 0x67a7e02147E1c92c738803e5a4a23c19d02b1b27
reusing "SGE" at 0xF1E282fBD5b55a55A4cc9274b5923B650805e8ac
reusing "DefaultProxyAdmin" at 0xb1c2f36F1aBe8457855a7934E64Bf5C85FFDF6f5
reusing "PRNG_Implementation" at 0xEAd99f9001019922644E61505a725724A604EF81
Vesting contracts will use 1644939017 timestamp
reusing "Vesting" at 0x8329Dc7257D71934A29648c0acE54abBF4e9CbC7
Vesting contract deployed with total rewards:37997000000000000000000000
