Nothing to compile
reusing "DefaultProxyAdmin" at 0xb1c2f36F1aBe8457855a7934E64Bf5C85FFDF6f5
reusing "SnookToken_Implementation" at 0x3922A632c82B8EB394093025c00C29515109e0E4
reusing "SkillToken" at 0x689f8e5913C158fFB5Ac5aeb83b3C875F5d20309
reusing "UniswapUSDCSkill" at 0x31f528c6c193b27d77B874D1c28d113103AF04BF
reusing "DefaultProxyAdmin" at 0xb1c2f36F1aBe8457855a7934E64Bf5C85FFDF6f5
reusing "Treasury_Implementation" at 0x9910fa213f01A4Eb52542d9fa39dde13f348f52F
reusing "DefaultProxyAdmin" at 0xb1c2f36F1aBe8457855a7934E64Bf5C85FFDF6f5
reusing "SnookState_Implementation" at 0x37D74299ef2879A4Cdc998C4921B15C02C9eA4Cd
reusing "DefaultProxyAdmin" at 0xb1c2f36F1aBe8457855a7934E64Bf5C85FFDF6f5
reusing "SkinRewards_Implementation" at 0xe919fDE98c85b01c34f763016271277b9c1b228D
reusing "DefaultProxyAdmin" at 0xb1c2f36F1aBe8457855a7934E64Bf5C85FFDF6f5
reusing "SnookGame_Implementation" at 0x318E90096D0F41EDB86C9A1FC77F833117a51615
reusing "DefaultProxyAdmin" at 0xb1c2f36F1aBe8457855a7934E64Bf5C85FFDF6f5
reusing "Afterdeath_Implementation" at 0xfA05003D8EDf59Be5575630a3e9701A34063c3E7
reusing "DefaultProxyAdmin" at 0xb1c2f36F1aBe8457855a7934E64Bf5C85FFDF6f5
reusing "StakingRewards_Implementation" at 0x0145C9c5f19Af674349c0Ff29816208cd328c1DC
reusing "SGE" at 0xACf9ABBDd625E9fEeFa48D39a219dF6F99972aaf
reusing "DefaultProxyAdmin" at 0xb1c2f36F1aBe8457855a7934E64Bf5C85FFDF6f5
reusing "PRNG_Implementation" at 0xEAd99f9001019922644E61505a725724A604EF81
Vesting contracts will use 1641498051 timestamp
reusing "Vesting" at 0x8329Dc7257D71934A29648c0acE54abBF4e9CbC7
Vesting contract deployed with total rewards:37997000000000000000000000
