Nothing to compile
reusing "DefaultProxyAdmin" at 0xb1c2f36F1aBe8457855a7934E64Bf5C85FFDF6f5
reusing "SnookToken_Implementation" at 0x7c7961C6669Bf3710D31bBd7fe42E4a9bBc17D67
reusing "SkillToken" at 0x689f8e5913C158fFB5Ac5aeb83b3C875F5d20309
reusing "UniswapUSDCSkill" at 0x31f528c6c193b27d77B874D1c28d113103AF04BF
reusing "DefaultProxyAdmin" at 0xb1c2f36F1aBe8457855a7934E64Bf5C85FFDF6f5
reusing "Treasury_Implementation" at 0xb45d9653C81114620b6F0e2F71449090bf0ca154
reusing "DefaultProxyAdmin" at 0xb1c2f36F1aBe8457855a7934E64Bf5C85FFDF6f5
reusing "SnookState_Implementation" at 0x2C169BDab1D6E7f465D36a46B5594C39Da927aF4
reusing "DefaultProxyAdmin" at 0xb1c2f36F1aBe8457855a7934E64Bf5C85FFDF6f5
reusing "SnookGame_Implementation" at 0x5668De9ff95A9d769d17e39eA13DcB162eb9513a
reusing "DefaultProxyAdmin" at 0xb1c2f36F1aBe8457855a7934E64Bf5C85FFDF6f5
reusing "Afterdeath_Implementation" at 0xe06b58A00f01d5b5F58219b5C9f63519a4670F53
reusing "DefaultProxyAdmin" at 0xb1c2f36F1aBe8457855a7934E64Bf5C85FFDF6f5
reusing "StakingRewards_Implementation" at 0xFd199bD310137B1C5f80a50f2F3ec9F03693b98A
reusing "DefaultProxyAdmin" at 0xb1c2f36F1aBe8457855a7934E64Bf5C85FFDF6f5
reusing "Marketplace_Implementation" at 0x53d8cE12583a5CE74D8Dd9D755FaBD05b03E5BA2
reusing "DefaultProxyAdmin" at 0xb1c2f36F1aBe8457855a7934E64Bf5C85FFDF6f5
reusing "PRNG_Implementation" at 0xEAd99f9001019922644E61505a725724A604EF81
Vesting contracts will use 1649007192 timestamp
reusing "Vesting" at 0x8329Dc7257D71934A29648c0acE54abBF4e9CbC7
Vesting contract deployed with total rewards:37997000000000000000000000
reusing "DefaultProxyAdmin" at 0xb1c2f36F1aBe8457855a7934E64Bf5C85FFDF6f5
deploying "LuckWheel_Implementation" (tx: 0xb7a6557fb2f6cf2479a3992f29b424531b4f2ee2c786db5ce15d56570130b9c3)...: deployed at 0xfBb7286162FF63828D22a328af88db7Ea93A7747 with 706542 gas
---------------------------------------------------------------------------------------
Please execute the following:
---------------------------------------------------------------------------------------

from: 0x11fe914689525618c322fc9cd76333BA15a932a6
to: 0xb1c2f36F1aBe8457855a7934E64Bf5C85FFDF6f5 (DefaultProxyAdmin)
method: upgrade
args:
  - 0x45541Fe85c750Cf891aD751859Fe5cE6786BBAbb
  - 0xfBb7286162FF63828D22a328af88db7Ea93A7747

(raw data: 0x99a88ec400000000000000000000000045541fe85c750cf891ad751859fe5ce6786bbabb000000000000000000000000fbb7286162ff63828d22a328af88db7ea93a7747 )

---------------------------------------------------------------------------------------
Nothing to compile
reusing "DefaultProxyAdmin" at 0xb1c2f36F1aBe8457855a7934E64Bf5C85FFDF6f5
reusing "SnookToken_Implementation" at 0x7c7961C6669Bf3710D31bBd7fe42E4a9bBc17D67
reusing "SkillToken" at 0x689f8e5913C158fFB5Ac5aeb83b3C875F5d20309
reusing "UniswapUSDCSkill" at 0x31f528c6c193b27d77B874D1c28d113103AF04BF
reusing "DefaultProxyAdmin" at 0xb1c2f36F1aBe8457855a7934E64Bf5C85FFDF6f5
reusing "Treasury_Implementation" at 0xb45d9653C81114620b6F0e2F71449090bf0ca154
reusing "DefaultProxyAdmin" at 0xb1c2f36F1aBe8457855a7934E64Bf5C85FFDF6f5
reusing "SnookState_Implementation" at 0x2C169BDab1D6E7f465D36a46B5594C39Da927aF4
reusing "DefaultProxyAdmin" at 0xb1c2f36F1aBe8457855a7934E64Bf5C85FFDF6f5
reusing "SnookGame_Implementation" at 0x5668De9ff95A9d769d17e39eA13DcB162eb9513a
reusing "DefaultProxyAdmin" at 0xb1c2f36F1aBe8457855a7934E64Bf5C85FFDF6f5
reusing "Afterdeath_Implementation" at 0xe06b58A00f01d5b5F58219b5C9f63519a4670F53
reusing "DefaultProxyAdmin" at 0xb1c2f36F1aBe8457855a7934E64Bf5C85FFDF6f5
reusing "StakingRewards_Implementation" at 0xFd199bD310137B1C5f80a50f2F3ec9F03693b98A
reusing "DefaultProxyAdmin" at 0xb1c2f36F1aBe8457855a7934E64Bf5C85FFDF6f5
reusing "Marketplace_Implementation" at 0x53d8cE12583a5CE74D8Dd9D755FaBD05b03E5BA2
reusing "DefaultProxyAdmin" at 0xb1c2f36F1aBe8457855a7934E64Bf5C85FFDF6f5
reusing "PRNG_Implementation" at 0xEAd99f9001019922644E61505a725724A604EF81
Vesting contracts will use 1649008404 timestamp
reusing "Vesting" at 0x8329Dc7257D71934A29648c0acE54abBF4e9CbC7
Vesting contract deployed with total rewards:37997000000000000000000000
reusing "DefaultProxyAdmin" at 0xb1c2f36F1aBe8457855a7934E64Bf5C85FFDF6f5
reusing "LuckWheel_Implementation" at 0xfBb7286162FF63828D22a328af88db7Ea93A7747
Compiling 54 files with 0.8.0
Compilation finished successfully
reusing "DefaultProxyAdmin" at 0xb1c2f36F1aBe8457855a7934E64Bf5C85FFDF6f5
reusing "SnookToken_Implementation" at 0x7c7961C6669Bf3710D31bBd7fe42E4a9bBc17D67
reusing "SkillToken" at 0x689f8e5913C158fFB5Ac5aeb83b3C875F5d20309
reusing "UniswapUSDCSkill" at 0x31f528c6c193b27d77B874D1c28d113103AF04BF
reusing "DefaultProxyAdmin" at 0xb1c2f36F1aBe8457855a7934E64Bf5C85FFDF6f5
reusing "Treasury_Implementation" at 0xb45d9653C81114620b6F0e2F71449090bf0ca154
reusing "DefaultProxyAdmin" at 0xb1c2f36F1aBe8457855a7934E64Bf5C85FFDF6f5
reusing "SnookState_Implementation" at 0x2C169BDab1D6E7f465D36a46B5594C39Da927aF4
reusing "DefaultProxyAdmin" at 0xb1c2f36F1aBe8457855a7934E64Bf5C85FFDF6f5
reusing "SnookGame_Implementation" at 0x5668De9ff95A9d769d17e39eA13DcB162eb9513a
reusing "DefaultProxyAdmin" at 0xb1c2f36F1aBe8457855a7934E64Bf5C85FFDF6f5
reusing "Afterdeath_Implementation" at 0xe06b58A00f01d5b5F58219b5C9f63519a4670F53
reusing "DefaultProxyAdmin" at 0xb1c2f36F1aBe8457855a7934E64Bf5C85FFDF6f5
reusing "StakingRewards_Implementation" at 0xFd199bD310137B1C5f80a50f2F3ec9F03693b98A
reusing "DefaultProxyAdmin" at 0xb1c2f36F1aBe8457855a7934E64Bf5C85FFDF6f5
reusing "Marketplace_Implementation" at 0x53d8cE12583a5CE74D8Dd9D755FaBD05b03E5BA2
reusing "DefaultProxyAdmin" at 0xb1c2f36F1aBe8457855a7934E64Bf5C85FFDF6f5
reusing "PRNG_Implementation" at 0xEAd99f9001019922644E61505a725724A604EF81
Vesting contracts will use 1649008643 timestamp
reusing "Vesting" at 0x8329Dc7257D71934A29648c0acE54abBF4e9CbC7
Vesting contract deployed with total rewards:37997000000000000000000000
reusing "DefaultProxyAdmin" at 0xb1c2f36F1aBe8457855a7934E64Bf5C85FFDF6f5
deploying "LuckWheel_Implementation" (tx: 0x2c0c2819218f51290749627db20cd90957dc1e1278f82d5a48d1cf0e550379ec)...: deployed at 0xe817403BdE723fb50C7f6f7A88fEbA5D95f48edF with 698316 gas
---------------------------------------------------------------------------------------
Please execute the following:
---------------------------------------------------------------------------------------

from: 0x11fe914689525618c322fc9cd76333BA15a932a6
to: 0xb1c2f36F1aBe8457855a7934E64Bf5C85FFDF6f5 (DefaultProxyAdmin)
method: upgrade
args:
  - 0x45541Fe85c750Cf891aD751859Fe5cE6786BBAbb
  - 0xe817403BdE723fb50C7f6f7A88fEbA5D95f48edF

(raw data: 0x99a88ec400000000000000000000000045541fe85c750cf891ad751859fe5ce6786bbabb000000000000000000000000e817403bde723fb50c7f6f7a88feba5d95f48edf )

---------------------------------------------------------------------------------------
Nothing to compile
reusing "DefaultProxyAdmin" at 0xb1c2f36F1aBe8457855a7934E64Bf5C85FFDF6f5
reusing "SnookToken_Implementation" at 0x7c7961C6669Bf3710D31bBd7fe42E4a9bBc17D67
reusing "SkillToken" at 0x689f8e5913C158fFB5Ac5aeb83b3C875F5d20309
reusing "UniswapUSDCSkill" at 0x31f528c6c193b27d77B874D1c28d113103AF04BF
reusing "DefaultProxyAdmin" at 0xb1c2f36F1aBe8457855a7934E64Bf5C85FFDF6f5
reusing "Treasury_Implementation" at 0xb45d9653C81114620b6F0e2F71449090bf0ca154
reusing "DefaultProxyAdmin" at 0xb1c2f36F1aBe8457855a7934E64Bf5C85FFDF6f5
reusing "SnookState_Implementation" at 0x2C169BDab1D6E7f465D36a46B5594C39Da927aF4
reusing "DefaultProxyAdmin" at 0xb1c2f36F1aBe8457855a7934E64Bf5C85FFDF6f5
reusing "SnookGame_Implementation" at 0x5668De9ff95A9d769d17e39eA13DcB162eb9513a
reusing "DefaultProxyAdmin" at 0xb1c2f36F1aBe8457855a7934E64Bf5C85FFDF6f5
reusing "Afterdeath_Implementation" at 0xe06b58A00f01d5b5F58219b5C9f63519a4670F53
reusing "DefaultProxyAdmin" at 0xb1c2f36F1aBe8457855a7934E64Bf5C85FFDF6f5
reusing "StakingRewards_Implementation" at 0xFd199bD310137B1C5f80a50f2F3ec9F03693b98A
reusing "DefaultProxyAdmin" at 0xb1c2f36F1aBe8457855a7934E64Bf5C85FFDF6f5
reusing "Marketplace_Implementation" at 0x53d8cE12583a5CE74D8Dd9D755FaBD05b03E5BA2
reusing "DefaultProxyAdmin" at 0xb1c2f36F1aBe8457855a7934E64Bf5C85FFDF6f5
reusing "PRNG_Implementation" at 0xEAd99f9001019922644E61505a725724A604EF81
Vesting contracts will use 1649010525 timestamp
reusing "Vesting" at 0x8329Dc7257D71934A29648c0acE54abBF4e9CbC7
Vesting contract deployed with total rewards:37997000000000000000000000
reusing "DefaultProxyAdmin" at 0xb1c2f36F1aBe8457855a7934E64Bf5C85FFDF6f5
reusing "LuckWheel_Implementation" at 0xe817403BdE723fb50C7f6f7A88fEbA5D95f48edF
