Nothing to compile
reusing "DefaultProxyAdmin" at 0xb1c2f36F1aBe8457855a7934E64Bf5C85FFDF6f5
deploying "SnookToken_Implementation" (tx: 0x58a9db3d1c4296917965828d07c0d0b0e9f1913ede087e9758139f852e097583)...: deployed at 0x7c7961C6669Bf3710D31bBd7fe42E4a9bBc17D67 with 2392041 gas
---------------------------------------------------------------------------------------
Please execute the following:
---------------------------------------------------------------------------------------

from: 0x11fe914689525618c322fc9cd76333BA15a932a6
to: 0xb1c2f36F1aBe8457855a7934E64Bf5C85FFDF6f5 (DefaultProxyAdmin)
method: upgrade
args:
  - 0x4372597f1c600D86598675DCB6cF5713bB7525Cf
  - 0x7c7961C6669Bf3710D31bBd7fe42E4a9bBc17D67

(raw data: 0x99a88ec40000000000000000000000004372597f1c600d86598675dcb6cf5713bb7525cf0000000000000000000000007c7961c6669bf3710d31bbd7fe42e4a9bbc17d67 )

---------------------------------------------------------------------------------------
reusing "SkillToken" at 0x689f8e5913C158fFB5Ac5aeb83b3C875F5d20309
reusing "UniswapUSDCSkill" at 0x31f528c6c193b27d77B874D1c28d113103AF04BF
reusing "DefaultProxyAdmin" at 0xb1c2f36F1aBe8457855a7934E64Bf5C85FFDF6f5
deploying "Treasury_Implementation" (tx: 0xe0585311e778c1b708664809f0b2ea6627ce657884bda0b189b0a8eeaca583cf)...: deployed at 0xb45d9653C81114620b6F0e2F71449090bf0ca154 with 1491974 gas
---------------------------------------------------------------------------------------
Please execute the following:
---------------------------------------------------------------------------------------

from: 0x11fe914689525618c322fc9cd76333BA15a932a6
to: 0xb1c2f36F1aBe8457855a7934E64Bf5C85FFDF6f5 (DefaultProxyAdmin)
method: upgrade
args:
  - 0xf9C79145f8314311814dA0de2767e8fd6B30C24f
  - 0xb45d9653C81114620b6F0e2F71449090bf0ca154

(raw data: 0x99a88ec4000000000000000000000000f9c79145f8314311814da0de2767e8fd6b30c24f000000000000000000000000b45d9653c81114620b6f0e2f71449090bf0ca154 )

---------------------------------------------------------------------------------------
reusing "DefaultProxyAdmin" at 0xb1c2f36F1aBe8457855a7934E64Bf5C85FFDF6f5
deploying "SnookState_Implementation" (tx: 0xf2ae8978fba96cb58659f7b8e1405c99bf79850d6529fdbc6a9801061ab40cf3)...: deployed at 0x2C169BDab1D6E7f465D36a46B5594C39Da927aF4 with 832453 gas
---------------------------------------------------------------------------------------
Please execute the following:
---------------------------------------------------------------------------------------

from: 0x11fe914689525618c322fc9cd76333BA15a932a6
to: 0xb1c2f36F1aBe8457855a7934E64Bf5C85FFDF6f5 (DefaultProxyAdmin)
method: upgrade
args:
  - 0x3473fd176c8F552a1283165cF586EE44BD5b168a
  - 0x2C169BDab1D6E7f465D36a46B5594C39Da927aF4

(raw data: 0x99a88ec40000000000000000000000003473fd176c8f552a1283165cf586ee44bd5b168a0000000000000000000000002c169bdab1d6e7f465d36a46b5594c39da927af4 )

---------------------------------------------------------------------------------------
reusing "DefaultProxyAdmin" at 0xb1c2f36F1aBe8457855a7934E64Bf5C85FFDF6f5
deploying "SnookGame_Implementation" (tx: 0xda92af42b6e305c79cde22471fe98151eb8a549d921cbb6cf080b0a4451983b1)...: deployed at 0x5668De9ff95A9d769d17e39eA13DcB162eb9513a with 3846037 gas
---------------------------------------------------------------------------------------
Please execute the following:
---------------------------------------------------------------------------------------

from: 0x11fe914689525618c322fc9cd76333BA15a932a6
to: 0xb1c2f36F1aBe8457855a7934E64Bf5C85FFDF6f5 (DefaultProxyAdmin)
method: upgrade
args:
  - 0x1D9Da4c160A34DDA9C808A49D54112a5913c216c
  - 0x5668De9ff95A9d769d17e39eA13DcB162eb9513a

(raw data: 0x99a88ec40000000000000000000000001d9da4c160a34dda9c808a49d54112a5913c216c0000000000000000000000005668de9ff95a9d769d17e39ea13dcb162eb9513a )

---------------------------------------------------------------------------------------
reusing "DefaultProxyAdmin" at 0xb1c2f36F1aBe8457855a7934E64Bf5C85FFDF6f5
deploying "Afterdeath_Implementation" (tx: 0xd2dbd0f7016cfea25f5db55e423ecdfb685422499881201dc0746e8f23b45190)...: deployed at 0xe06b58A00f01d5b5F58219b5C9f63519a4670F53 with 2568525 gas
---------------------------------------------------------------------------------------
Please execute the following:
---------------------------------------------------------------------------------------

from: 0x11fe914689525618c322fc9cd76333BA15a932a6
to: 0xb1c2f36F1aBe8457855a7934E64Bf5C85FFDF6f5 (DefaultProxyAdmin)
method: upgrade
args:
  - 0x6BC8f0128e4Aaa0B3678b67BB93715fa70fAf3D3
  - 0xe06b58A00f01d5b5F58219b5C9f63519a4670F53

(raw data: 0x99a88ec40000000000000000000000006bc8f0128e4aaa0b3678b67bb93715fa70faf3d3000000000000000000000000e06b58a00f01d5b5f58219b5c9f63519a4670f53 )

---------------------------------------------------------------------------------------
reusing "DefaultProxyAdmin" at 0xb1c2f36F1aBe8457855a7934E64Bf5C85FFDF6f5
deploying "StakingRewards_Implementation" (tx: 0xcb9fd7b428c5cd5a0b625141a6c904e9547fd25f87b084d348603f8c279c0435)...: deployed at 0xFd199bD310137B1C5f80a50f2F3ec9F03693b98A with 1703939 gas
---------------------------------------------------------------------------------------
Please execute the following:
---------------------------------------------------------------------------------------

from: 0x11fe914689525618c322fc9cd76333BA15a932a6
to: 0xb1c2f36F1aBe8457855a7934E64Bf5C85FFDF6f5 (DefaultProxyAdmin)
method: upgrade
args:
  - 0x86C1a81e411fbB463242C0F6514973D69A615bF0
  - 0xFd199bD310137B1C5f80a50f2F3ec9F03693b98A

(raw data: 0x99a88ec400000000000000000000000086c1a81e411fbb463242c0f6514973d69a615bf0000000000000000000000000fd199bd310137b1c5f80a50f2f3ec9f03693b98a )

---------------------------------------------------------------------------------------
reusing "DefaultProxyAdmin" at 0xb1c2f36F1aBe8457855a7934E64Bf5C85FFDF6f5
deploying "Marketplace_Implementation" (tx: 0x2883fd13b7cafc461f15fb1c68657397d4867a40f95a722aea2a8335fb966f43)...: deployed at 0x53d8cE12583a5CE74D8Dd9D755FaBD05b03E5BA2 with 2261871 gas
deploying "Marketplace_Proxy" (tx: 0x711b93a2c8729d90b74cffa700b59cdef042227f57419fa8b6319e0c24f8c3c9)...: deployed at 0x0Bf585EaE35ef645ae98c0b32fC400a6F0F2a1D6 with 544341 gas

Nothing to compile
reusing "DefaultProxyAdmin" at 0xb1c2f36F1aBe8457855a7934E64Bf5C85FFDF6f5
reusing "SnookToken_Implementation" at 0x7c7961C6669Bf3710D31bBd7fe42E4a9bBc17D67
reusing "SkillToken" at 0x689f8e5913C158fFB5Ac5aeb83b3C875F5d20309
reusing "UniswapUSDCSkill" at 0x31f528c6c193b27d77B874D1c28d113103AF04BF
reusing "DefaultProxyAdmin" at 0xb1c2f36F1aBe8457855a7934E64Bf5C85FFDF6f5
reusing "Treasury_Implementation" at 0xb45d9653C81114620b6F0e2F71449090bf0ca154
reusing "DefaultProxyAdmin" at 0xb1c2f36F1aBe8457855a7934E64Bf5C85FFDF6f5
reusing "SnookState_Implementation" at 0x2C169BDab1D6E7f465D36a46B5594C39Da927aF4
reusing "DefaultProxyAdmin" at 0xb1c2f36F1aBe8457855a7934E64Bf5C85FFDF6f5
reusing "SnookGame_Implementation" at 0x5668De9ff95A9d769d17e39eA13DcB162eb9513a
reusing "DefaultProxyAdmin" at 0xb1c2f36F1aBe8457855a7934E64Bf5C85FFDF6f5
reusing "Afterdeath_Implementation" at 0xe06b58A00f01d5b5F58219b5C9f63519a4670F53
reusing "DefaultProxyAdmin" at 0xb1c2f36F1aBe8457855a7934E64Bf5C85FFDF6f5
reusing "StakingRewards_Implementation" at 0xFd199bD310137B1C5f80a50f2F3ec9F03693b98A
reusing "DefaultProxyAdmin" at 0xb1c2f36F1aBe8457855a7934E64Bf5C85FFDF6f5
reusing "Marketplace_Implementation" at 0x53d8cE12583a5CE74D8Dd9D755FaBD05b03E5BA2
SnookToken: initialize3() (marketplace)
Marketplace: initialize()
reusing "DefaultProxyAdmin" at 0xb1c2f36F1aBe8457855a7934E64Bf5C85FFDF6f5
reusing "PRNG_Implementation" at 0xEAd99f9001019922644E61505a725724A604EF81
Vesting contracts will use 1648664729 timestamp
reusing "Vesting" at 0x8329Dc7257D71934A29648c0acE54abBF4e9CbC7
Vesting contract deployed with total rewards:37997000000000000000000000
reusing "DefaultProxyAdmin" at 0xb1c2f36F1aBe8457855a7934E64Bf5C85FFDF6f5
deploying "LuckWheel_Implementation" (tx: 0x53a4fbb7c92eb0a7c34566f96858dd9a6ddf7a957194b95df5d08c0e5f3f49b4)...: deployed at 0x974E3E91B258066709069AFb6817B30742cBEEBE with 698316 gas
deploying "LuckWheel_Proxy" (tx: 0x1944041e86b44df23b21ff7a6cea2d544628af996ff4e43b6b17701689b93411)...: deployed at 0x45541Fe85c750Cf891aD751859Fe5cE6786BBAbb with 544341 gas
Initialized LuckWheel
Treasury: init3
SnookState: initialize2 (marketplace)
