Compiling 63 files with 0.8.0
Compilation finished successfully
reusing "DefaultProxyAdmin" at 0x44E07eB19010DD3c5C06d11a1567A519d675b484
reusing "SnookToken_Implementation" at 0xdeEFeAf4A221302879e230e0Fd0CEfAfa4b652d2
reusing "SkillToken" at 0xE0fc37fb8bf8cb0b4da886f62f4Aa6D86f10Fac4
reusing "UniswapV2Factory" at 0xd6A14836F39c846017950A803520E6D36a06a713
reusing "UniswapV2Router02" at 0xa368C0A30B02aCB3C752e80c074Ffb96e2cb63f0
reusing "UniswapUSDCSkill" at 0xdb4813fFd05F816BEbaf4c9eA2cFD8C9f79777f7
reusing "DefaultProxyAdmin" at 0x44E07eB19010DD3c5C06d11a1567A519d675b484
reusing "Treasury_Implementation" at 0x9715F42Fe20641397899575b8e8a14267b4bc444
reusing "DefaultProxyAdmin" at 0x44E07eB19010DD3c5C06d11a1567A519d675b484
reusing "SnookState_Implementation" at 0x657D03eC531986FEcDe4753c5F67f66993aa958D
reusing "DefaultProxyAdmin" at 0x44E07eB19010DD3c5C06d11a1567A519d675b484
deploying "SkinRewards_Implementation" (tx: 0xc8ab2d862d7c822b442296f556b3f12971762efe3904be2fde684b57fbf0a2d5)...: deployed at 0x9e1c4589C85EC4dc5ac4Eba35374AEbE379717Ba with 2039055 gas
executing DefaultProxyAdmin.upgrade (tx: 0x49fca946fbe224184b2db6a1338146b8711e889c7b0a1a1899564a6c7408a861) ...: performed with 38361 gas
reusing "DefaultProxyAdmin" at 0x44E07eB19010DD3c5C06d11a1567A519d675b484
deploying "SnookGame_Implementation" (tx: 0x42d3ea630960fa37a8f7610247440e296854add1c8af99c15eaa2ce86a1a3465)...: deployed at 0x3aBB8797B86Da3A1eDD921D8a40270C108de1526 with 4830093 gas
executing DefaultProxyAdmin.upgrade (tx: 0x5fc728441e7a69160fe440b9e5d0530b20bce5b88a79e5bbd12f56721f1300d9) ...: performed with 38373 gas
reusing "DefaultProxyAdmin" at 0x44E07eB19010DD3c5C06d11a1567A519d675b484
deploying "Afterdeath_Implementation" (tx: 0x6fcbfac66bf7395a7bb48ac7efe96089abe7ee9a863a2e174ecd1ed992410e95)...: deployed at 0x70289E7697f8f1fbd96F605b413b3957947ed474 with 3219423 gas
executing DefaultProxyAdmin.upgrade (tx: 0xe9d9e79a0505854377cdb795b294f836aa52be012ef1d3c5541df9c7380cd70a) ...: performed with 38373 gas
reusing "DefaultProxyAdmin" at 0x44E07eB19010DD3c5C06d11a1567A519d675b484
reusing "StakingRewards_Implementation" at 0x2DEC6A51B3f775070d4F5c69e99f695c46894aBC
reusing "SGE" at 0x83b5647569177AB0aaC8b47e647705a8997A68DB
reusing "DefaultProxyAdmin" at 0x44E07eB19010DD3c5C06d11a1567A519d675b484
reusing "PRNG_Implementation" at 0x6e6fc1463cDa5E53728D38cb6f0F7B205Bf9D2Db
Vesting contracts will use 1643884060 timestamp
reusing "Vesting" at 0x694fCce2B8CB0523BB1e754a8F8371F05F9Ede2C
Vesting contract deployed with total rewards:38000000000000000000000000
