Compiling 54 files with 0.8.0
Compilation finished successfully
plan: Team number of addresses: 31
0xCD1dCacAa8593267f63BB6E556d53A36593Bc704 0.0
0xf4E5810c1e816758C6588f260eFD1C7d728122c3 0.0
0x562d520Ad50B63c0bae3278Fb332b01bF96eEAd4 0.0
0x5B72114CD12893Db0D724742c0378124e4Ddad84 0.0
0x017Bdd240D6dA4c90489Ce9445d681AEC4F1e9DB 0.0
0x4f5B9e492A1f74ee30cD9d46033811C6eA01D102 0.0
0x16FaDF6F552d051477cB1dEf7463237d4bEaeEAe 0.0
0x3Eef58924deb66BBD1385D8f6b4357AF52a2074e 0.0
0x1e60C3263087f8dB8215d8F7D1fdd686d6a8A73a 0.0
0x7EE9c0f1191F74F6690831165419c733ae9819c4 0.0
0xF53aDe68A35D38B770FA43a82883084a3C841877 0.0
0xfc96486f2CdC94EF8570602A38D83d8E4dDfD2F7 0.0
0xE283203BE6ba56f9E50B9ec343797f80eDdB3B0c 0.0
0xee08C0B141Eb602D0FE392b7BfBb405593FceC25 0.0
0x92D491520A29B6DCA4A10185492aA6E992A687A9 0.0
0xF71Db0A9eBD46c5Ce2d7b9cBf6664C2C2e4F4474 0.0
0x76FcA669353FAdcE6cb71F773ABd5E7dB9D404f1 0.0
0x20Fc7d03C4Fe2d74A97ce8796AE85a290FeD6d95 0.0
0xF6639cd7A2bAff82C30A079F663D6114Ca87Ca3F 0.0
0x2225fA8aBA9E73c29d7856413471B36f2195eCA7 0.0
0x095E17E4aE5B075Afb73E42957c84998e24D277c 0.0
0xE34aCef4f0A21A8f67bD05C996d81FaA75475220 0.0
0xa0A9D960d90eE8CD8a18eAA8683680ebb5067E50 0.0
0xf2a901274B7e50044caaA930bA8416E8622867Ac 0.0
0xF70A98bc386b89b02A4FEf5F400FCcA855586592 0.0
0xE8E4735f0bC078A619549aAFd2CF5FEFe5B98b2e 0.0
0x51c47cfA882F9880802d327c35885512B57b6a2c 0.0
0xC25006C38F94018C519726F188e77117d7b9d817 0.0
0xE0dE0fec10b4Bfd2C66190828964912FD0160f8d 0.0
0xf650d9a3BF1656854AF2268BD192d1F3B0662622 0.0
0x5aD2CAC883ab80E6FCBde3F4472f5CF1f744736c 0.0
plan: SeedRound number of addresses: 2
0xae748653c86920Fd69733Cd6Ee4A6B337E0d5cA0 0.0
0x2d9D593a0E5a1A2E329f3c932b712AF5Aa4bfA19 0.0
plan: PrivateRound number of addresses: 57
0xaCEb447bBCbfaeD3a4B0bfB8582D2A03202bD1A2 0.0
0x416a313E1841BF9a89C12719B038Ba0c4023722B 0.0
0xBe5Ca882413AB0a0a0a0cB72b9B036053f4d6b62 0.0
0x4eA22A7bD6E5DFDcFaE713DdAE2e7aDfCC3972Cb 0.0
0xddA77c99D0873084e082c20192532d461E47391E 0.0
0x49a155aE657239110A7D7a14CC4De67AD93b309F 0.0
0x17a2eff6056c3ce70550a44c3bfa9997dc9cccc1 0.0
0x1b0347020ac8d3e3541e5645B8A0BCD3C0D5BbA8 0.0
0xD6252885122EBE2A61cd8a5795F7BB1BF302C781 0.0
0xA8Eb8eFeAcF45623816Eb2D1B1653BAC4245a358 0.0
0xce45A13c26A15Ad1bCdA49854e7fDEafBcdF9CeD 0.0
0xF4d38D48A035dA9Aa7C221fD0776B3Bc1A0Cb1d6 0.0
0xD32C5447adfb09881162e7e687eBa8BFf4F27C96 0.0
0xcfa447186600d1e6C23CA9e7eA2774DCf3939AdC 0.0
0xFE03C9390cDDA79e6D4661cA71Dffdc0b73B818B 0.0
0x94F9FDb43A2b98B2920BcD37848D2165F2007511 0.0
0x42a13Fc21Fe8A600C7142eDB06b8Cb6c979Bff0B 0.0
0xcEd29BA48490C51E4348e654C313AC97762beCCC 0.0
0x0D548260CEA4F4e129c79336ddbc3573C65ffE0A 0.0
0x73649197BEe039f946145a12C2eD63353157d53F 0.0
0x656E5569BeF7781bf0Db199D32027766053501ff 0.0
0x54D10ab0aE0cD177c104D09eD5d9f29653606A96 0.0
0x34046531bE692817F0853ad4cCc78F3B1B5e1A7C 0.0
0x6C1AA0a101D8ABe9bEA5F8ABFd2E0C72dBA096c5 0.0
0x9d39edEdaEe0025Ce148F35136168e97b73143aA 0.0
0x8193B291C634FF3F4717E678d1aB2D6Ad3756C9b 0.0
0x8b5B70DD4c122c6B8C7CFbA42306C304d4BDDB15 0.0
0x61b2C19874593d4f4E14E5B0804c949a4b891a1f 0.0
0x2bab258cba22ef830bfde1ba587277439bbf7502 0.0
0x312C5A8cA8376976FB34f854C132eEe2C295367D 0.0
0x66268537cE69C47ec5b7e921Fd9DCc68a7073220 0.0
0x128f0081Fdcb8b902fF0f45Ae90bBE93d87dF47b 0.0
0xe8c61D102D513a6Ce55e969D479BF8C9CF66906D 0.0
0xd25E1b6bb02823658a4b3c0F6C689046a52E2B23 0.0
0x92c68d724dbD02b7C1781D684f9dfe0a51E26b60 0.0
0x96d27B366FcF230E64400445B3f1843EefA3cbcB 0.0
0x0358b49B3F5d0D1c50AA6E42C00EE78f3EDB90E3 0.0
0xF36cd6149526BD84ECE192a508d825dCCc25Ea26 0.0
0x14A68687048fE65b6B40ce50bd46dB0F945Dd008 0.0
0x4622c858decedA4D28a0FAdF5E6ac17826aA73A4 0.0
0xe1be9775658959fbe1e80562574d7c0771fcd051 0.0
0x3421F9417f626269A31CB447b5225f82B3B4f1cF 0.0
0xdC1B933AC766A7029DB0Bd60FbbD8Ea32472B7B6 0.0
0x9343873867756f9e8ca203b80b70097e222fdbb3 0.0
0xbcF6A388B0218Da865FF727Ff0fC3c1744B66708 0.0
0x8b0123b840a5c6a449fa04437632bb8ab74cfea5 0.0
0x21f275DAb2d03960f7cDa6A3B048f2b59a5C4b5e 0.0
0xd0e3392a75D4a9721F18db8f6C6CaEacDC14370B 0.0
0x53F470A909d7CE7f35e62f4470fD440B1eD5D8CD 0.0
0x8E9d38F643499c06b1496eAD127cA4151223Ce23 0.0
0x053Ba9fCa7312f8267120E870a0854388CbC6909 0.0
0xF25281C5B5620cA0E9ab6a1442cb6e9B333CCb06 0.0
0xcf8070322A9A704c6bb8657e29c6C30253CA43CA 0.0
0xAe3E9Cf3a1b39C27f8cCa96AFEbBdDEa6C0e0B56 0.0
0x27806D3F1Da46Ae8b8938CE7637C58b3aD4C3046 0.0
0x07B96373fDc6FF1d12B5180B6288EF1a92f5ba5F 0.0
0xbc45308829266B7Ba0dF2f249b38b9030941E959 0.0
plan: StrategicPartners number of addresses: 21
0xf2aa6F01bD565aC228091C6d3eDb66Eea530217F 68406.393132
releasing for 0xf2aa6F01bD565aC228091C6d3eDb66Eea530217F: hash: 0x3b216a6fa822149f6a81466042a981e5bcd84ece8b85a6292da6678bb7f4b9d0
done: 0x3b216a6fa822149f6a81466042a981e5bcd84ece8b85a6292da6678bb7f4b9d0
0x47974C973F149Cf1CdA1b60E3B4e83f19ADA7f1f 27472.510989
releasing for 0x47974C973F149Cf1CdA1b60E3B4e83f19ADA7f1f: hash: 0xba30ffb7bb3758cf2475d521bbefead4995b8bf4b6e84b9355e037287ee2e463
done: 0xba30ffb7bb3758cf2475d521bbefead4995b8bf4b6e84b9355e037287ee2e463
0xE953dfBf348002A3224021648E98f44a6E2977b1 27472.510989
releasing for 0xE953dfBf348002A3224021648E98f44a6E2977b1: hash: 0x375f4987988b2156e6c6aa4b35f12a7be5f3732eb28acc42b6fc9ba7d116f4e5
done: 0x375f4987988b2156e6c6aa4b35f12a7be5f3732eb28acc42b6fc9ba7d116f4e5
0x99F229481Bbb6245BA2763f224f733A7Cd784f0c 41208.728022
releasing for 0x99F229481Bbb6245BA2763f224f733A7Cd784f0c: hash: 0x9762378221c87e11431196af1b17311de426799f8ac6215e77c52be3b822240d
done: 0x9762378221c87e11431196af1b17311de426799f8ac6215e77c52be3b822240d
0xe9b14a1Be94E70900EDdF1E22A4cB8c56aC9e10a 109889.89011
releasing for 0xe9b14a1Be94E70900EDdF1E22A4cB8c56aC9e10a: hash: 0xe410e7a9526cd8e348f57314e995d90021f510dec1aa654e4127603d4c116565
done: 0xe410e7a9526cd8e348f57314e995d90021f510dec1aa654e4127603d4c116565
0xb5a5b9d508ad42bb3d529550eb2ef790004db146 0.0
0x2bbc9fcac55c75e9e3dd4fca0ad8c5d712a9a597 27472.510989
releasing for 0x2bbc9fcac55c75e9e3dd4fca0ad8c5d712a9a597: hash: 0x9fc0516b04de187729a4db6e21b2e03c2c6722e14bdd54e31801db6b68d307d6
done: 0x9fc0516b04de187729a4db6e21b2e03c2c6722e14bdd54e31801db6b68d307d6
0x6d2d6226e404449dc93CAB76c4b2734c3e7F302B 27472.510989
releasing for 0x6d2d6226e404449dc93CAB76c4b2734c3e7F302B: hash: 0x4fe141f9738ea859b727e50dd3823b87aaa4b44dd08744aa37fc8e783c8a7bcd
done: 0x4fe141f9738ea859b727e50dd3823b87aaa4b44dd08744aa37fc8e783c8a7bcd
0xb21dB340B7ffd6BDaEE7197Ee5676eC42e1ddEFC 27472.510989
releasing for 0xb21dB340B7ffd6BDaEE7197Ee5676eC42e1ddEFC: hash: 0x62329337438d9ab0818f1a58345b48aa2f56f44315f9b7858f345d1f59c096ca
done: 0x62329337438d9ab0818f1a58345b48aa2f56f44315f9b7858f345d1f59c096ca
0x91f9FDf8e27755aC0bb728aD501742abf57e922D 27472.510989
releasing for 0x91f9FDf8e27755aC0bb728aD501742abf57e922D: hash: 0xd4d453c32f1dce2d2859537e58f98a010ba1098ce78fb118bf065b5ec8503ee7
done: 0xd4d453c32f1dce2d2859537e58f98a010ba1098ce78fb118bf065b5ec8503ee7
0x30d83A62dd2D7a22B4f81e39460A39bAf0689A71 27472.510989
releasing for 0x30d83A62dd2D7a22B4f81e39460A39bAf0689A71: hash: 0xac05de718f1284a22a099f4d7bebc40f75984a563d5df81f80cd59475f6b0ece
done: 0xac05de718f1284a22a099f4d7bebc40f75984a563d5df81f80cd59475f6b0ece
0xb74688a1126dB98462f366586F7c694143fAd32F 8241.760989
releasing for 0xb74688a1126dB98462f366586F7c694143fAd32F: hash: 0xabb07a118498cbeb87eae12f6273d66d3412d4e6071e36d4a617bb809bd45c65
done: 0xabb07a118498cbeb87eae12f6273d66d3412d4e6071e36d4a617bb809bd45c65
0x40e400325Cff0833bcE814ddAEEF8EC6C6f24963 20329.671978
releasing for 0x40e400325Cff0833bcE814ddAEEF8EC6C6f24963: hash: 0x2c881da0454712ca5f0f42196e66947e4c5ec0c3c18a0dc2cf1ec9c7c5e0aa6c
done: 0x2c881da0454712ca5f0f42196e66947e4c5ec0c3c18a0dc2cf1ec9c7c5e0aa6c
0xE708a1bAfA472C56CC2C28771935116e3113234D 1648.382967
releasing for 0xE708a1bAfA472C56CC2C28771935116e3113234D: hash: 0xc64a2d50955c2044b5a99ffed153b23c8dd01e2f66cc45a2de17019600702090
done: 0xc64a2d50955c2044b5a99ffed153b23c8dd01e2f66cc45a2de17019600702090
0x66886B3A3DC2b44cb69B18a6b5aF3A989290BDbF 5494.532967
releasing for 0x66886B3A3DC2b44cb69B18a6b5aF3A989290BDbF: hash: 0x07c4c06be9c696f99db19ad5c5adf93135755ad19c2176d145e854a0841c6121
done: 0x07c4c06be9c696f99db19ad5c5adf93135755ad19c2176d145e854a0841c6121
0x72dB3378a4F39C807B12ef450a365d2c6F94C70F 10988.989011
releasing for 0x72dB3378a4F39C807B12ef450a365d2c6F94C70F: hash: 0xd2ab80165de7bc37bc21416065803774282e36e6a949cf85027bc94f8da86732
done: 0xd2ab80165de7bc37bc21416065803774282e36e6a949cf85027bc94f8da86732
0xbcd69Ce8027b930c7712290F4f0c1e8864382123 5494.532967
releasing for 0xbcd69Ce8027b930c7712290F4f0c1e8864382123: hash: 0xa16e7e52f9a5e3650848fd37993934ca063678fefc52d6c28e7ef6eb8d9b7c63
done: 0xa16e7e52f9a5e3650848fd37993934ca063678fefc52d6c28e7ef6eb8d9b7c63
0xf8F09be6daBFfAa3c02B2D653d9026cc7767eD99 12912.064011
releasing for 0xf8F09be6daBFfAa3c02B2D653d9026cc7767eD99: hash: 0xdf2bb4cc213934851948c2e2b885429fbf7393f341b87b721460a854b9034c79
done: 0xdf2bb4cc213934851948c2e2b885429fbf7393f341b87b721460a854b9034c79
0x73e66Cc6d0384292df0B1d4E41C1965B5fbBBD02 10988.989011
releasing for 0x73e66Cc6d0384292df0B1d4E41C1965B5fbBBD02: hash: 0x8493bdddd0b666c6f062df491a58845704c4d7fa6c6ea8267e0070c0b60b37d3
done: 0x8493bdddd0b666c6f062df491a58845704c4d7fa6c6ea8267e0070c0b60b37d3
0x137882fabd293cd7b20d074feee48bbeb97f6ee5 5494.532967
releasing for 0x137882fabd293cd7b20d074feee48bbeb97f6ee5: hash: 0x6db06b8e2ef17e3240b4767651d2b640dcce822487150751da4c4ec1dd9efb05
done: 0x6db06b8e2ef17e3240b4767651d2b640dcce822487150751da4c4ec1dd9efb05
0xA7B9d7619D1299F298A9516C0b0C2f5f4E93D5a9 5494.532967
releasing for 0xA7B9d7619D1299F298A9516C0b0C2f5f4E93D5a9: hash: 0x364a667c3c256d84f2f053ff171300d7fcc984a9cc73da47e4f984bf43a4ea2c
done: 0x364a667c3c256d84f2f053ff171300d7fcc984a9cc73da47e4f984bf43a4ea2c
plan: Advisors number of addresses: 12
0x84F44d6777a70774162D2275486019C6ee96176b 0.0
0xDB71b2A8873F2380e20a482DA65c23caff8F074C 0.0
0x959AC1E0b19d73Bfc4d76B14a1B93c0e1cc1a043 0.0
0xef96fc6ae06fb14c6d2b3f32db2522f12aa5c63b 0.0
0x1532607dfA1f6e1dCaaA46c03709e71B24b48990 0.0
0x65E22dcd852c9A5D8Ea1A102F8Dd16bad3c77B87 0.0
0x29441498f0cC0374380D920e1619e48c6B46c879 0.0
0x04046DDEE2AF023AA21Dfa52ef8b9070934AE487 0.0
0x5d98a278F0C51dB87cF971482F0382C77BD4A88f 0.0
0x7398062568b4f6EBB7913f45ac2a923d4E526671 0.0
0xb10cAe86Af3932EBc631eB58DC9E9bBE5786bBcC 0.0
0xE0dD4aF9611D80D702e53ea4fe017F8a75847Aa1 0.0
plan: Ecosystem number of addresses: 1
0xBD6F3d4dCa25622dff781808FFc1470584ffecee 57657.657657657657657656
releasing for 0xBD6F3d4dCa25622dff781808FFc1470584ffecee: hash: 0x8afca82c99847c68975c0614b075bba15fd02e4c36db962de0c5891435ce85fb
done: 0x8afca82c99847c68975c0614b075bba15fd02e4c36db962de0c5891435ce85fb
plan: LiquidityPool number of addresses: 1
0x5a038Ce2ac0a1C9C64096B56c9AaA6bbBEcFBDF4 300000.0
releasing for 0x5a038Ce2ac0a1C9C64096B56c9AaA6bbBEcFBDF4: hash: 0x693a3ea7e76d2d9405397e5cc820f0d3508eafee81d17159a56cb0771b3ec071
done: 0x693a3ea7e76d2d9405397e5cc820f0d3508eafee81d17159a56cb0771b3ec071
plan: Treasury number of addresses: 1
