plan: Team number of addresses: 31
0xCD1dCacAa8593267f63BB6E556d53A36593Bc704 0.0
0xf4E5810c1e816758C6588f260eFD1C7d728122c3 93750.0
plan: Team number of addresses: 31
0xCD1dCacAa8593267f63BB6E556d53A36593Bc704 0.0
0xf4E5810c1e816758C6588f260eFD1C7d728122c3 0.0
0x562d520Ad50B63c0bae3278Fb332b01bF96eEAd4 171875.025
plan: Team number of addresses: 31
0xCD1dCacAa8593267f63BB6E556d53A36593Bc704 0.0
0xf4E5810c1e816758C6588f260eFD1C7d728122c3 0.0
0x562d520Ad50B63c0bae3278Fb332b01bF96eEAd4 0.0
0x5B72114CD12893Db0D724742c0378124e4Ddad84 0.0
0x017Bdd240D6dA4c90489Ce9445d681AEC4F1e9DB 3825.0
releasing for 0x017Bdd240D6dA4c90489Ce9445d681AEC4F1e9DB: hash: 0x9148725ae877b345cd474d54f6a05dd35971dc2434bb1e9201d79fd600bbd030
done: 0x9148725ae877b345cd474d54f6a05dd35971dc2434bb1e9201d79fd600bbd030
0x4f5B9e492A1f74ee30cD9d46033811C6eA01D102 3825.0
releasing for 0x4f5B9e492A1f74ee30cD9d46033811C6eA01D102: hash: 0xc3b74ade2c0ef3de790823243065bc229a2e44bc1246ed66a3135283b7d92c77
done: 0xc3b74ade2c0ef3de790823243065bc229a2e44bc1246ed66a3135283b7d92c77
0x16FaDF6F552d051477cB1dEf7463237d4bEaeEAe 4674.975
releasing for 0x16FaDF6F552d051477cB1dEf7463237d4bEaeEAe: hash: 0x5dc68b0c1caf7db52b64a187acdd364b8f037df87d419ae9864b2f99da3ac049
done: 0x5dc68b0c1caf7db52b64a187acdd364b8f037df87d419ae9864b2f99da3ac049
0x3Eef58924deb66BBD1385D8f6b4357AF52a2074e 3825.0
releasing for 0x3Eef58924deb66BBD1385D8f6b4357AF52a2074e: hash: 0x8545def2c19e20689b20a8934ddc567f32f2739fc018d38f6779e5a6b501b5d8
done: 0x8545def2c19e20689b20a8934ddc567f32f2739fc018d38f6779e5a6b501b5d8
0x1e60C3263087f8dB8215d8F7D1fdd686d6a8A73a 7375.5
releasing for 0x1e60C3263087f8dB8215d8F7D1fdd686d6a8A73a: hash: 0xdcfa7565a03ae32dde5ad0d65e4f21dde0f0d473b7c365b91ce773a0f7204554
done: 0xdcfa7565a03ae32dde5ad0d65e4f21dde0f0d473b7c365b91ce773a0f7204554
0x7EE9c0f1191F74F6690831165419c733ae9819c4 467.475
releasing for 0x7EE9c0f1191F74F6690831165419c733ae9819c4: hash: 0x4274e58fe5d0ee37e11a7d2918ca49ae0175440e7c57692d4dbf836c156503ca
done: 0x4274e58fe5d0ee37e11a7d2918ca49ae0175440e7c57692d4dbf836c156503ca
0xF53aDe68A35D38B770FA43a82883084a3C841877 467.475
releasing for 0xF53aDe68A35D38B770FA43a82883084a3C841877: hash: 0xc4521bb53989c2d4af2c434523e09dca52488199ef82d01a06778cef28f3b995
done: 0xc4521bb53989c2d4af2c434523e09dca52488199ef82d01a06778cef28f3b995
0xfc96486f2CdC94EF8570602A38D83d8E4dDfD2F7 467.475
releasing for 0xfc96486f2CdC94EF8570602A38D83d8E4dDfD2F7: hash: 0x79cdd903139af122c8dbea1878979ea2506730625a708758b841155a4bb4b7e0
done: 0x79cdd903139af122c8dbea1878979ea2506730625a708758b841155a4bb4b7e0
0xE283203BE6ba56f9E50B9ec343797f80eDdB3B0c 467.475
releasing for 0xE283203BE6ba56f9E50B9ec343797f80eDdB3B0c: hash: 0xc1542e472357ae925083adb3d1c341ab900618085bbe2267bb2486474d5f489e
done: 0xc1542e472357ae925083adb3d1c341ab900618085bbe2267bb2486474d5f489e
0xee08C0B141Eb602D0FE392b7BfBb405593FceC25 467.475
releasing for 0xee08C0B141Eb602D0FE392b7BfBb405593FceC25: hash: 0x8dba895b124ccb51abc46c52c52c13a546f13b1190a075c0618185c534ae1666
done: 0x8dba895b124ccb51abc46c52c52c13a546f13b1190a075c0618185c534ae1666
0x92D491520A29B6DCA4A10185492aA6E992A687A9 467.475
releasing for 0x92D491520A29B6DCA4A10185492aA6E992A687A9: hash: 0x41624f8cb5a65845217177178ccad70cf62c466ede85c2569ec14ea789f2685d
done: 0x41624f8cb5a65845217177178ccad70cf62c466ede85c2569ec14ea789f2685d
0xF71Db0A9eBD46c5Ce2d7b9cBf6664C2C2e4F4474 467.475
releasing for 0xF71Db0A9eBD46c5Ce2d7b9cBf6664C2C2e4F4474: hash: 0x704cc51e2ba8ff0872f55edd0aa69a10d9d9c8fdc680d877db9b5307f0e24379
done: 0x704cc51e2ba8ff0872f55edd0aa69a10d9d9c8fdc680d877db9b5307f0e24379
0x76FcA669353FAdcE6cb71F773ABd5E7dB9D404f1 467.475
releasing for 0x76FcA669353FAdcE6cb71F773ABd5E7dB9D404f1: hash: 0xa7d01c91600fc016c4bb348e41bd91406bf8ff78da06e8b97eeed0a0e64e4c8d
done: 0xa7d01c91600fc016c4bb348e41bd91406bf8ff78da06e8b97eeed0a0e64e4c8d
0x20Fc7d03C4Fe2d74A97ce8796AE85a290FeD6d95 467.475
releasing for 0x20Fc7d03C4Fe2d74A97ce8796AE85a290FeD6d95: hash: 0x1970f933b2ab98c27801c0d0f843b87543412ee5ebc07edcde376c1ba2307c76
done: 0x1970f933b2ab98c27801c0d0f843b87543412ee5ebc07edcde376c1ba2307c76
0xF6639cd7A2bAff82C30A079F663D6114Ca87Ca3F 467.475
releasing for 0xF6639cd7A2bAff82C30A079F663D6114Ca87Ca3F: hash: 0x9d88a6cb4a60d988131cfaf4228a997bd4765ed6d51c4aa457f86da6c9537e85
done: 0x9d88a6cb4a60d988131cfaf4228a997bd4765ed6d51c4aa457f86da6c9537e85
0x2225fA8aBA9E73c29d7856413471B36f2195eCA7 467.475
releasing for 0x2225fA8aBA9E73c29d7856413471B36f2195eCA7: hash: 0x43c4eeb988d71a3569365fcc770a74cc7db8bb755fb06edb154b7c3be62118ce
done: 0x43c4eeb988d71a3569365fcc770a74cc7db8bb755fb06edb154b7c3be62118ce
0x095E17E4aE5B075Afb73E42957c84998e24D277c 467.475
releasing for 0x095E17E4aE5B075Afb73E42957c84998e24D277c: hash: 0x491f3768d1aed67d84b096df95b698bcdff1410240578e9b02bf59795a8fa0e5
done: 0x491f3768d1aed67d84b096df95b698bcdff1410240578e9b02bf59795a8fa0e5
0xE34aCef4f0A21A8f67bD05C996d81FaA75475220 467.475
releasing for 0xE34aCef4f0A21A8f67bD05C996d81FaA75475220: hash: 0x0e594ed88e08cc4abb66587cc43237454e6d5dd9ccefb8f856256a7d2dc2dc34
done: 0x0e594ed88e08cc4abb66587cc43237454e6d5dd9ccefb8f856256a7d2dc2dc34
0xa0A9D960d90eE8CD8a18eAA8683680ebb5067E50 467.475
releasing for 0xa0A9D960d90eE8CD8a18eAA8683680ebb5067E50: hash: 0x7ee4b40568c4c4f24937dbf825d8cfc8db2eb50955f8a4df0ca9198c01a2b79f
done: 0x7ee4b40568c4c4f24937dbf825d8cfc8db2eb50955f8a4df0ca9198c01a2b79f
0xf2a901274B7e50044caaA930bA8416E8622867Ac 467.475
releasing for 0xf2a901274B7e50044caaA930bA8416E8622867Ac: hash: 0x8c87e618c405879b2411801d7457b4d87a0f68ad6d663f2a2c9ae37e61161504
done: 0x8c87e618c405879b2411801d7457b4d87a0f68ad6d663f2a2c9ae37e61161504
0xF70A98bc386b89b02A4FEf5F400FCcA855586592 467.475
releasing for 0xF70A98bc386b89b02A4FEf5F400FCcA855586592: hash: 0x7c9f2205017708d0f8eb11133f5e6e943d4f180eb3397eeb810f0540ecf037e1
done: 0x7c9f2205017708d0f8eb11133f5e6e943d4f180eb3397eeb810f0540ecf037e1
0xE8E4735f0bC078A619549aAFd2CF5FEFe5B98b2e 467.475
releasing for 0xE8E4735f0bC078A619549aAFd2CF5FEFe5B98b2e: hash: 0x4d617999441754742c11339a7429fd83072f98f6deaa047cda504b35c49a0ea6
done: 0x4d617999441754742c11339a7429fd83072f98f6deaa047cda504b35c49a0ea6
0x51c47cfA882F9880802d327c35885512B57b6a2c 467.475
releasing for 0x51c47cfA882F9880802d327c35885512B57b6a2c: hash: 0xcaffdf1b65751db73c0adb0506598fa6a647810fb68da77f4e88288f782b5125
done: 0xcaffdf1b65751db73c0adb0506598fa6a647810fb68da77f4e88288f782b5125
0xC25006C38F94018C519726F188e77117d7b9d817 467.475
releasing for 0xC25006C38F94018C519726F188e77117d7b9d817: hash: 0xd92133a55f6fa3f69957e9bc104976c2f7dad6e581baa3ae682ba56370284149
done: 0xd92133a55f6fa3f69957e9bc104976c2f7dad6e581baa3ae682ba56370284149
0xE0dE0fec10b4Bfd2C66190828964912FD0160f8d 467.475
releasing for 0xE0dE0fec10b4Bfd2C66190828964912FD0160f8d: hash: 0xe2801a78aff6e296cd5acc7519914e867dc96066e49540242f582db6ba20e63d
done: 0xe2801a78aff6e296cd5acc7519914e867dc96066e49540242f582db6ba20e63d
0xf650d9a3BF1656854AF2268BD192d1F3B0662622 3750.0
releasing for 0xf650d9a3BF1656854AF2268BD192d1F3B0662622: hash: 0xc9e02d8dda0d4990a29a9d9e60a5744ad047f2737a3d870551e381e97e1d2f04
done: 0xc9e02d8dda0d4990a29a9d9e60a5744ad047f2737a3d870551e381e97e1d2f04
0x5aD2CAC883ab80E6FCBde3F4472f5CF1f744736c 3750.0
releasing for 0x5aD2CAC883ab80E6FCBde3F4472f5CF1f744736c: hash: 0x39b5cd2c6d4b62a8b4566108d1219de9e8dc58d79f04ca43580d70a064c6d63f
done: 0x39b5cd2c6d4b62a8b4566108d1219de9e8dc58d79f04ca43580d70a064c6d63f
plan: SeedRound number of addresses: 2
0xae748653c86920Fd69733Cd6Ee4A6B337E0d5cA0 93750.0
releasing for 0xae748653c86920Fd69733Cd6Ee4A6B337E0d5cA0: hash: 0xe205abefecf506521b8dfa5663458f673275cf4446d13fa9688cc2bda4cd6958
done: 0xe205abefecf506521b8dfa5663458f673275cf4446d13fa9688cc2bda4cd6958
0x2d9D593a0E5a1A2E329f3c932b712AF5Aa4bfA19 93750.0
releasing for 0x2d9D593a0E5a1A2E329f3c932b712AF5Aa4bfA19: hash: 0x45a9444a77328834965f1d7b70b4caea28ce12b146b90cea58348b24b7420e29
done: 0x45a9444a77328834965f1d7b70b4caea28ce12b146b90cea58348b24b7420e29
plan: PrivateRound number of addresses: 57
0xaCEb447bBCbfaeD3a4B0bfB8582D2A03202bD1A2 22727.3
releasing for 0xaCEb447bBCbfaeD3a4B0bfB8582D2A03202bD1A2: hash: 0xc5b1ea19497dcb647dc1e24a851054bfb9988064c5a6aa681e2904d26e3bd544
done: 0xc5b1ea19497dcb647dc1e24a851054bfb9988064c5a6aa681e2904d26e3bd544
0x416a313E1841BF9a89C12719B038Ba0c4023722B 22727.3
releasing for 0x416a313E1841BF9a89C12719B038Ba0c4023722B: hash: 0xd4e68a61fa15200cdff097442853c9eb0a6e8cbf0db292325241d5387983f7e2
done: 0xd4e68a61fa15200cdff097442853c9eb0a6e8cbf0db292325241d5387983f7e2
0xBe5Ca882413AB0a0a0a0cB72b9B036053f4d6b62 9090.9
releasing for 0xBe5Ca882413AB0a0a0a0cB72b9B036053f4d6b62: hash: 0x13a65db7fc8b592ee1fad5bd98ed85559485acb0fc9ff7da21eba10dff5142c4
done: 0x13a65db7fc8b592ee1fad5bd98ed85559485acb0fc9ff7da21eba10dff5142c4
0x4eA22A7bD6E5DFDcFaE713DdAE2e7aDfCC3972Cb 9090.9
releasing for 0x4eA22A7bD6E5DFDcFaE713DdAE2e7aDfCC3972Cb: hash: 0xd9774e0704f97680ded1db32bbb234efd210c1422d7a5af1d8c0468ef12fe8a0
done: 0xd9774e0704f97680ded1db32bbb234efd210c1422d7a5af1d8c0468ef12fe8a0
0xddA77c99D0873084e082c20192532d461E47391E 18181.8
releasing for 0xddA77c99D0873084e082c20192532d461E47391E: hash: 0x3dd6a36c32b4e783ec953b8344ecace858679927311a75a33f914ea62b0674a9
done: 0x3dd6a36c32b4e783ec953b8344ecace858679927311a75a33f914ea62b0674a9
0x49a155aE657239110A7D7a14CC4De67AD93b309F 9090.9
releasing for 0x49a155aE657239110A7D7a14CC4De67AD93b309F: hash: 0x25cd22dd85f088b73a7977158198f20b43c03ab9b46f85f1c0cf7566f9610b9f
done: 0x25cd22dd85f088b73a7977158198f20b43c03ab9b46f85f1c0cf7566f9610b9f
0x17a2eff6056c3ce70550a44c3bfa9997dc9cccc1 4545.5
releasing for 0x17a2eff6056c3ce70550a44c3bfa9997dc9cccc1: hash: 0xeab049a4be8a9c4f8aa4b13b4fd8072255009a04b05e9795661b84debf9c948f
done: 0xeab049a4be8a9c4f8aa4b13b4fd8072255009a04b05e9795661b84debf9c948f
0x1b0347020ac8d3e3541e5645B8A0BCD3C0D5BbA8 9090.9
releasing for 0x1b0347020ac8d3e3541e5645B8A0BCD3C0D5BbA8: hash: 0x86792aae9064a78f10fc0065a7844bb586a5fc357d243d6d3c8139f5704095ce
done: 0x86792aae9064a78f10fc0065a7844bb586a5fc357d243d6d3c8139f5704095ce
0xD6252885122EBE2A61cd8a5795F7BB1BF302C781 6818.2
releasing for 0xD6252885122EBE2A61cd8a5795F7BB1BF302C781: hash: 0x3a8c4d8c2e93a423f9da3022a4596d4c37f9275061a824b4186ee69d42d7b7e3
done: 0x3a8c4d8c2e93a423f9da3022a4596d4c37f9275061a824b4186ee69d42d7b7e3
0xA8Eb8eFeAcF45623816Eb2D1B1653BAC4245a358 4545.5
releasing for 0xA8Eb8eFeAcF45623816Eb2D1B1653BAC4245a358: hash: 0x5612bed0b7df9a9847459a7e6c26ec9be694826599a1e82803a681f24736607a
done: 0x5612bed0b7df9a9847459a7e6c26ec9be694826599a1e82803a681f24736607a
0xce45A13c26A15Ad1bCdA49854e7fDEafBcdF9CeD 9090.9
releasing for 0xce45A13c26A15Ad1bCdA49854e7fDEafBcdF9CeD: hash: 0xd31ba1ee69b9639be7d26c717d2b32cc18184179cb3f039bc7e99b2a96753d7a
done: 0xd31ba1ee69b9639be7d26c717d2b32cc18184179cb3f039bc7e99b2a96753d7a
0xF4d38D48A035dA9Aa7C221fD0776B3Bc1A0Cb1d6 6818.2
releasing for 0xF4d38D48A035dA9Aa7C221fD0776B3Bc1A0Cb1d6: hash: 0xbed0f54786e5d6049f6ad5edfe091bb52440b7a5cc60db112d538e7f311332f5
done: 0xbed0f54786e5d6049f6ad5edfe091bb52440b7a5cc60db112d538e7f311332f5
0xD32C5447adfb09881162e7e687eBa8BFf4F27C96 9090.9
releasing for 0xD32C5447adfb09881162e7e687eBa8BFf4F27C96: hash: 0x222b99cb3b0d9625710f433531cc8b766ad846195fec60ac43aba86b68fa8535
done: 0x222b99cb3b0d9625710f433531cc8b766ad846195fec60ac43aba86b68fa8535
0xcfa447186600d1e6C23CA9e7eA2774DCf3939AdC 9090.9
releasing for 0xcfa447186600d1e6C23CA9e7eA2774DCf3939AdC: hash: 0xdb41bee216699328f4e93474cfe047be1b782b985e1f7ae518b1a716e5e609cd
done: 0xdb41bee216699328f4e93474cfe047be1b782b985e1f7ae518b1a716e5e609cd
0xFE03C9390cDDA79e6D4661cA71Dffdc0b73B818B 9090.9
releasing for 0xFE03C9390cDDA79e6D4661cA71Dffdc0b73B818B: hash: 0xfec6a41d40b4343d9245faa6f208f1505299e595676795d83f0e4096eac607f4
done: 0xfec6a41d40b4343d9245faa6f208f1505299e595676795d83f0e4096eac607f4
0x94F9FDb43A2b98B2920BcD37848D2165F2007511 9090.9
releasing for 0x94F9FDb43A2b98B2920BcD37848D2165F2007511: hash: 0x4f02967a62f3cb5cf3b4c85520623770f4c99c3ae32b9a856057b1d60d2bfb91
done: 0x4f02967a62f3cb5cf3b4c85520623770f4c99c3ae32b9a856057b1d60d2bfb91
0x42a13Fc21Fe8A600C7142eDB06b8Cb6c979Bff0B 54545.3
releasing for 0x42a13Fc21Fe8A600C7142eDB06b8Cb6c979Bff0B: hash: 0xbf87cd526fb0e3c72ae18d9d6edff16281322c8169dd9941382b47f382c29869
done: 0xbf87cd526fb0e3c72ae18d9d6edff16281322c8169dd9941382b47f382c29869
0xcEd29BA48490C51E4348e654C313AC97762beCCC 9090.9
releasing for 0xcEd29BA48490C51E4348e654C313AC97762beCCC: hash: 0xed7dd1e4b8dac615a7039180dcbc95f3aabf7ece978eb7b12fe55a11952f2ad1
done: 0xed7dd1e4b8dac615a7039180dcbc95f3aabf7ece978eb7b12fe55a11952f2ad1
0x0D548260CEA4F4e129c79336ddbc3573C65ffE0A 9090.9
releasing for 0x0D548260CEA4F4e129c79336ddbc3573C65ffE0A: hash: 0xf613d55306079ab5b4330509fa9da291089543295adb7ed02ea68a4494967fbd
done: 0xf613d55306079ab5b4330509fa9da291089543295adb7ed02ea68a4494967fbd
0x73649197BEe039f946145a12C2eD63353157d53F 9090.9
releasing for 0x73649197BEe039f946145a12C2eD63353157d53F: hash: 0x1aa1f5dab58a76ad73d2efc8bd5027ee1ab4cc7fe6f2e375e22b9062985386dc
done: 0x1aa1f5dab58a76ad73d2efc8bd5027ee1ab4cc7fe6f2e375e22b9062985386dc
0x656E5569BeF7781bf0Db199D32027766053501ff 68181.6
releasing for 0x656E5569BeF7781bf0Db199D32027766053501ff: hash: 0x9f0051ee5cbd52abc5d7bded6fcdc6e0064e56ea06e69a6fe0cd99132c530ca7
done: 0x9f0051ee5cbd52abc5d7bded6fcdc6e0064e56ea06e69a6fe0cd99132c530ca7
0x54D10ab0aE0cD177c104D09eD5d9f29653606A96 4545.5
releasing for 0x54D10ab0aE0cD177c104D09eD5d9f29653606A96: hash: 0x090a8b76b568d6ffea91d44a3c8dc6baf028aa493cb52ddc843c39b6b5f8da9c
done: 0x090a8b76b568d6ffea91d44a3c8dc6baf028aa493cb52ddc843c39b6b5f8da9c
0x34046531bE692817F0853ad4cCc78F3B1B5e1A7C 9090.9
releasing for 0x34046531bE692817F0853ad4cCc78F3B1B5e1A7C: hash: 0x39c919c6f4dc0b62f17e70aeab7764b1602534f9300e96cd58e7bace3ce0e4ea
done: 0x39c919c6f4dc0b62f17e70aeab7764b1602534f9300e96cd58e7bace3ce0e4ea
0x6C1AA0a101D8ABe9bEA5F8ABFd2E0C72dBA096c5 8636.4
releasing for 0x6C1AA0a101D8ABe9bEA5F8ABFd2E0C72dBA096c5: hash: 0xa0f33714de44a5aca31fb189e4ca3c04e6741ccba6ee8bc97d68870a1d8706c5
done: 0xa0f33714de44a5aca31fb189e4ca3c04e6741ccba6ee8bc97d68870a1d8706c5
0x9d39edEdaEe0025Ce148F35136168e97b73143aA 9090.9
releasing for 0x9d39edEdaEe0025Ce148F35136168e97b73143aA: hash: 0x9b5d1d79a870b2b85fda137dba3030e91a0e82879dbfa6527e42609a1f92474b
done: 0x9b5d1d79a870b2b85fda137dba3030e91a0e82879dbfa6527e42609a1f92474b
0x8193B291C634FF3F4717E678d1aB2D6Ad3756C9b 4545.5
releasing for 0x8193B291C634FF3F4717E678d1aB2D6Ad3756C9b: hash: 0x60fcd4e5c5d83548e8b6a013a1074bac928bd356b3c983ce060bd81cd53f1d09
done: 0x60fcd4e5c5d83548e8b6a013a1074bac928bd356b3c983ce060bd81cd53f1d09
0x8b5B70DD4c122c6B8C7CFbA42306C304d4BDDB15 9090.9
releasing for 0x8b5B70DD4c122c6B8C7CFbA42306C304d4BDDB15: hash: 0xb41cb56b99327d8432fb16ed2aa337ec02daf784acbcf8e5990eb9c2db27f173
done: 0xb41cb56b99327d8432fb16ed2aa337ec02daf784acbcf8e5990eb9c2db27f173
0x61b2C19874593d4f4E14E5B0804c949a4b891a1f 4545.5
releasing for 0x61b2C19874593d4f4E14E5B0804c949a4b891a1f: hash: 0xffe580ebf6008804acbc10cb235f87a81431138863a1ecfaaad9d4988b34d366
done: 0xffe580ebf6008804acbc10cb235f87a81431138863a1ecfaaad9d4988b34d366
0x2bab258cba22ef830bfde1ba587277439bbf7502 4545.5
releasing for 0x2bab258cba22ef830bfde1ba587277439bbf7502: hash: 0xc0b6bc11c9039b92be5b81e9846c02fbc55fc606a99b0f75f7cfd1bbb2dac0b9
done: 0xc0b6bc11c9039b92be5b81e9846c02fbc55fc606a99b0f75f7cfd1bbb2dac0b9
0x312C5A8cA8376976FB34f854C132eEe2C295367D 4545.5
releasing for 0x312C5A8cA8376976FB34f854C132eEe2C295367D: hash: 0xaea5b3ca50f9916b7dd7245d53211156f92c5fe967fc1480098038d0921a1c1f
done: 0xaea5b3ca50f9916b7dd7245d53211156f92c5fe967fc1480098038d0921a1c1f
0x66268537cE69C47ec5b7e921Fd9DCc68a7073220 11363.6
releasing for 0x66268537cE69C47ec5b7e921Fd9DCc68a7073220: hash: 0x0af9cc06f342601b3c8a7aac192ef3f9e4547212abf47c5b56141ce40408da0f
done: 0x0af9cc06f342601b3c8a7aac192ef3f9e4547212abf47c5b56141ce40408da0f
0x128f0081Fdcb8b902fF0f45Ae90bBE93d87dF47b 22727.3
releasing for 0x128f0081Fdcb8b902fF0f45Ae90bBE93d87dF47b: hash: 0x10e3c1aad1b405b4bdb09c8b4fa3a3bee5cf8b7bcf7ee4d22159b72eac33fc71
done: 0x10e3c1aad1b405b4bdb09c8b4fa3a3bee5cf8b7bcf7ee4d22159b72eac33fc71
0xe8c61D102D513a6Ce55e969D479BF8C9CF66906D 9318.2
releasing for 0xe8c61D102D513a6Ce55e969D479BF8C9CF66906D: hash: 0x26e334e58d39155e756853134a44e20ab90806b877b40a3c4b2a59eb934b917a
done: 0x26e334e58d39155e756853134a44e20ab90806b877b40a3c4b2a59eb934b917a
0xd25E1b6bb02823658a4b3c0F6C689046a52E2B23 909.1
releasing for 0xd25E1b6bb02823658a4b3c0F6C689046a52E2B23: hash: 0x2c1013fb672044e28fd812e846a283d7bf7b26ccf53c3f13cc36d73c41df1ffb
done: 0x2c1013fb672044e28fd812e846a283d7bf7b26ccf53c3f13cc36d73c41df1ffb
0x92c68d724dbD02b7C1781D684f9dfe0a51E26b60 909.1
releasing for 0x92c68d724dbD02b7C1781D684f9dfe0a51E26b60: hash: 0xe5ae99cfe1e16fbcd12a63004903cae85b70a834f5d2760d4b6fdda2aca45337
done: 0xe5ae99cfe1e16fbcd12a63004903cae85b70a834f5d2760d4b6fdda2aca45337
0x96d27B366FcF230E64400445B3f1843EefA3cbcB 2272.7
releasing for 0x96d27B366FcF230E64400445B3f1843EefA3cbcB: hash: 0x00df35e9119818606e61923fc1d1d9ab0ee3aa27dcd2e6aac1361af7248e6506
done: 0x00df35e9119818606e61923fc1d1d9ab0ee3aa27dcd2e6aac1361af7248e6506
0x0358b49B3F5d0D1c50AA6E42C00EE78f3EDB90E3 2272.7
releasing for 0x0358b49B3F5d0D1c50AA6E42C00EE78f3EDB90E3: hash: 0xcb83cce71243758893332666ebbddf7b20095498328811d2cdc054b43822fc6f
done: 0xcb83cce71243758893332666ebbddf7b20095498328811d2cdc054b43822fc6f
0xF36cd6149526BD84ECE192a508d825dCCc25Ea26 454.5
releasing for 0xF36cd6149526BD84ECE192a508d825dCCc25Ea26: hash: 0x461f0cb5ae1dd1bee38e996d7b18d0900ce7a3b8f9eaa72c3fb6e358e40a27a4
done: 0x461f0cb5ae1dd1bee38e996d7b18d0900ce7a3b8f9eaa72c3fb6e358e40a27a4
0x14A68687048fE65b6B40ce50bd46dB0F945Dd008 681.8
releasing for 0x14A68687048fE65b6B40ce50bd46dB0F945Dd008: hash: 0xfbe7535b0e2ac9ef996f8667ccde917bf1e7b561efc48b3d27183fe02ea45317
done: 0xfbe7535b0e2ac9ef996f8667ccde917bf1e7b561efc48b3d27183fe02ea45317
0x4622c858decedA4D28a0FAdF5E6ac17826aA73A4 15681.8
releasing for 0x4622c858decedA4D28a0FAdF5E6ac17826aA73A4: hash: 0x47ffcbf44ca1a34bfc03a2479243765375c1c7b2381114ced59a74c6e68ffecd
done: 0x47ffcbf44ca1a34bfc03a2479243765375c1c7b2381114ced59a74c6e68ffecd
0xe1be9775658959fbe1e80562574d7c0771fcd051 6818.2
releasing for 0xe1be9775658959fbe1e80562574d7c0771fcd051: hash: 0xee6caef4919cd2992f8905ac25c149be72962f6bcdccfb61a044e7a46a205d6b
done: 0xee6caef4919cd2992f8905ac25c149be72962f6bcdccfb61a044e7a46a205d6b
0x3421F9417f626269A31CB447b5225f82B3B4f1cF 10000.0
releasing for 0x3421F9417f626269A31CB447b5225f82B3B4f1cF: hash: 0xaec3e5e74aebe7a03eeb27fac19119ef234e93afecfef5de6a15f21079f07ee9
done: 0xaec3e5e74aebe7a03eeb27fac19119ef234e93afecfef5de6a15f21079f07ee9
0xdC1B933AC766A7029DB0Bd60FbbD8Ea32472B7B6 9545.5
releasing for 0xdC1B933AC766A7029DB0Bd60FbbD8Ea32472B7B6: hash: 0x00cad79d0c0ef77cb6666c56046f12ba71e2c77ef122a0ef23d96534fbd03e9e
done: 0x00cad79d0c0ef77cb6666c56046f12ba71e2c77ef122a0ef23d96534fbd03e9e
0x9343873867756f9e8ca203b80b70097e222fdbb3 45454.5
releasing for 0x9343873867756f9e8ca203b80b70097e222fdbb3: hash: 0x1b1a534eaccf6cb73243fb884aa36658d7722ddeae238eb738e0f708c9df75b4
done: 0x1b1a534eaccf6cb73243fb884aa36658d7722ddeae238eb738e0f708c9df75b4
0xbcF6A388B0218Da865FF727Ff0fC3c1744B66708 4545.5
releasing for 0xbcF6A388B0218Da865FF727Ff0fC3c1744B66708: hash: 0xbe4541d6161a5b99dee5bfb3adfec08cb01087ef7af6bc56551e50cc9d7d6077
done: 0xbe4541d6161a5b99dee5bfb3adfec08cb01087ef7af6bc56551e50cc9d7d6077
0x8b0123b840a5c6a449fa04437632bb8ab74cfea5 4545.5
releasing for 0x8b0123b840a5c6a449fa04437632bb8ab74cfea5: hash: 0x78922a40e571b244b4a5f6a14f847c00aa14cf83fced1091f351a238c7f2b532
done: 0x78922a40e571b244b4a5f6a14f847c00aa14cf83fced1091f351a238c7f2b532
0x21f275DAb2d03960f7cDa6A3B048f2b59a5C4b5e 3636.4
releasing for 0x21f275DAb2d03960f7cDa6A3B048f2b59a5C4b5e: hash: 0x75c1a9928041cc2efb4efcc621d6216c36113dd26be73a545d796d59863574b1
done: 0x75c1a9928041cc2efb4efcc621d6216c36113dd26be73a545d796d59863574b1
0xd0e3392a75D4a9721F18db8f6C6CaEacDC14370B 10681.8
releasing for 0xd0e3392a75D4a9721F18db8f6C6CaEacDC14370B: hash: 0x45f0c6837e4ec7880b8e25aa8212b260ea6db4a627b6d671827ec2846ef1b5cd
done: 0x45f0c6837e4ec7880b8e25aa8212b260ea6db4a627b6d671827ec2846ef1b5cd
0x53F470A909d7CE7f35e62f4470fD440B1eD5D8CD 9090.9
releasing for 0x53F470A909d7CE7f35e62f4470fD440B1eD5D8CD: hash: 0xdd90204dc91db0b22f5110a3d900831b084f87a9a03a3e9e2ec3055d3edf7350
done: 0xdd90204dc91db0b22f5110a3d900831b084f87a9a03a3e9e2ec3055d3edf7350
0x8E9d38F643499c06b1496eAD127cA4151223Ce23 4545.5
releasing for 0x8E9d38F643499c06b1496eAD127cA4151223Ce23: hash: 0x3da8884bbe4aeec41bceeb450e77b2c05123f6ea38abf667ccd8b68d1534e508
done: 0x3da8884bbe4aeec41bceeb450e77b2c05123f6ea38abf667ccd8b68d1534e508
0x053Ba9fCa7312f8267120E870a0854388CbC6909 4545.5
releasing for 0x053Ba9fCa7312f8267120E870a0854388CbC6909: hash: 0x1c91318ef28885d3711b42a9cc485de14f2c044a0109b01856ecff2b0e1f31af
done: 0x1c91318ef28885d3711b42a9cc485de14f2c044a0109b01856ecff2b0e1f31af
0xF25281C5B5620cA0E9ab6a1442cb6e9B333CCb06 5000.0
releasing for 0xF25281C5B5620cA0E9ab6a1442cb6e9B333CCb06: hash: 0x823e3b575e2f3dea1bc10a04bdbe8235ac0abb92e52a79f9adbd77f0d0e6a820
done: 0x823e3b575e2f3dea1bc10a04bdbe8235ac0abb92e52a79f9adbd77f0d0e6a820
0xcf8070322A9A704c6bb8657e29c6C30253CA43CA 9090.9
releasing for 0xcf8070322A9A704c6bb8657e29c6C30253CA43CA: hash: 0x617c0ccf3a5ac6b01b80979fc7056c1c82c0779b4271688292597c410b4bff5f
done: 0x617c0ccf3a5ac6b01b80979fc7056c1c82c0779b4271688292597c410b4bff5f
0xAe3E9Cf3a1b39C27f8cCa96AFEbBdDEa6C0e0B56 1818.2
releasing for 0xAe3E9Cf3a1b39C27f8cCa96AFEbBdDEa6C0e0B56: hash: 0x381c1360eb3b0942094e60436312d7bd0983fc5f99f8c56a292950316e065708
done: 0x381c1360eb3b0942094e60436312d7bd0983fc5f99f8c56a292950316e065708
0x27806D3F1Da46Ae8b8938CE7637C58b3aD4C3046 11363.6
releasing for 0x27806D3F1Da46Ae8b8938CE7637C58b3aD4C3046: hash: 0xf16170fd8cedee825baa5b2126e293a6a4d00ba54c4c355cb6368f16d4ac2037
done: 0xf16170fd8cedee825baa5b2126e293a6a4d00ba54c4c355cb6368f16d4ac2037
0x07B96373fDc6FF1d12B5180B6288EF1a92f5ba5F 11363.6
releasing for 0x07B96373fDc6FF1d12B5180B6288EF1a92f5ba5F: hash: 0x685e5bd5dae864b11efc0e036edc03ae37f4fca78482b83c4ed9d1172f58b021
done: 0x685e5bd5dae864b11efc0e036edc03ae37f4fca78482b83c4ed9d1172f58b021
0xbc45308829266B7Ba0dF2f249b38b9030941E959 4545.5
releasing for 0xbc45308829266B7Ba0dF2f249b38b9030941E959: hash: 0xa3c47303db6f17677a1130efa747086af6c234a50fd4cc2ed95a6d35c547221c
done: 0xa3c47303db6f17677a1130efa747086af6c234a50fd4cc2ed95a6d35c547221c
plan: StrategicPartners number of addresses: 21
0xf2aa6F01bD565aC228091C6d3eDb66Eea530217F 0.0
0x47974C973F149Cf1CdA1b60E3B4e83f19ADA7f1f 0.0
0xE953dfBf348002A3224021648E98f44a6E2977b1 0.0
0x99F229481Bbb6245BA2763f224f733A7Cd784f0c 0.0
0xe9b14a1Be94E70900EDdF1E22A4cB8c56aC9e10a 0.0
0xb5a5b9d508ad42bb3d529550eb2ef790004db146 0.0
0x2bbc9fcac55c75e9e3dd4fca0ad8c5d712a9a597 0.0
0x6d2d6226e404449dc93CAB76c4b2734c3e7F302B 0.0
0xb21dB340B7ffd6BDaEE7197Ee5676eC42e1ddEFC 0.0
0x91f9FDf8e27755aC0bb728aD501742abf57e922D 0.0
0x30d83A62dd2D7a22B4f81e39460A39bAf0689A71 0.0
0xb74688a1126dB98462f366586F7c694143fAd32F 0.0
0x40e400325Cff0833bcE814ddAEEF8EC6C6f24963 0.0
0xE708a1bAfA472C56CC2C28771935116e3113234D 0.0
0x66886B3A3DC2b44cb69B18a6b5aF3A989290BDbF 0.0
0x72dB3378a4F39C807B12ef450a365d2c6F94C70F 0.0
0xbcd69Ce8027b930c7712290F4f0c1e8864382123 0.0
0xf8F09be6daBFfAa3c02B2D653d9026cc7767eD99 0.0
0x73e66Cc6d0384292df0B1d4E41C1965B5fbBBD02 0.0
0x137882fabd293cd7b20d074feee48bbeb97f6ee5 0.0
0xA7B9d7619D1299F298A9516C0b0C2f5f4E93D5a9 0.0
plan: Advisors number of addresses: 12
0x84F44d6777a70774162D2275486019C6ee96176b 30000.0
releasing for 0x84F44d6777a70774162D2275486019C6ee96176b: hash: 0xbbf5e3b241516eafdb004cd885a945c721e7d8cb1dd0be68435f37b7b07ce24b
done: 0xbbf5e3b241516eafdb004cd885a945c721e7d8cb1dd0be68435f37b7b07ce24b
0xDB71b2A8873F2380e20a482DA65c23caff8F074C 30000.0
releasing for 0xDB71b2A8873F2380e20a482DA65c23caff8F074C: hash: 0x1a474c00477b5fa61d016e45be4c2b8d76ed3bad01e5931d3796e9a4abd361d5
done: 0x1a474c00477b5fa61d016e45be4c2b8d76ed3bad01e5931d3796e9a4abd361d5
0x959AC1E0b19d73Bfc4d76B14a1B93c0e1cc1a043 20000.0
releasing for 0x959AC1E0b19d73Bfc4d76B14a1B93c0e1cc1a043: hash: 0xc6f6ec604c3e70f4e3ab5d2f7b65519a9b0c5eae81f4c59bdd3fab5aaa2e7f43
done: 0xc6f6ec604c3e70f4e3ab5d2f7b65519a9b0c5eae81f4c59bdd3fab5aaa2e7f43
0xef96fc6ae06fb14c6d2b3f32db2522f12aa5c63b 10000.0
releasing for 0xef96fc6ae06fb14c6d2b3f32db2522f12aa5c63b: hash: 0xbaeb7c250b4f05d7dd50f2905cd772881acd6144b282a92dcdff20a3ceefa1e4
done: 0xbaeb7c250b4f05d7dd50f2905cd772881acd6144b282a92dcdff20a3ceefa1e4
0x1532607dfA1f6e1dCaaA46c03709e71B24b48990 20000.0
releasing for 0x1532607dfA1f6e1dCaaA46c03709e71B24b48990: hash: 0xe106d56e93f574d15e3ba0abe10b285891900c7fffcc66144300320d69588f62
done: 0xe106d56e93f574d15e3ba0abe10b285891900c7fffcc66144300320d69588f62
0x65E22dcd852c9A5D8Ea1A102F8Dd16bad3c77B87 20000.0
releasing for 0x65E22dcd852c9A5D8Ea1A102F8Dd16bad3c77B87: hash: 0xfe0500e9c0040cc512c2aa4518d102f410db178e7d1f0488d36c9d2c898bbea5
done: 0xfe0500e9c0040cc512c2aa4518d102f410db178e7d1f0488d36c9d2c898bbea5
0x29441498f0cC0374380D920e1619e48c6B46c879 10000.0
releasing for 0x29441498f0cC0374380D920e1619e48c6B46c879: hash: 0x3c71017d1f41ab3cce7d457d82bddb6a8e585943aad2b24fc62fe863cacda928
done: 0x3c71017d1f41ab3cce7d457d82bddb6a8e585943aad2b24fc62fe863cacda928
0x04046DDEE2AF023AA21Dfa52ef8b9070934AE487 20000.0
releasing for 0x04046DDEE2AF023AA21Dfa52ef8b9070934AE487: hash: 0xe34a633c835c21189212febfdec4966ace356319c4870bed0024b776718449d8
done: 0xe34a633c835c21189212febfdec4966ace356319c4870bed0024b776718449d8
0x5d98a278F0C51dB87cF971482F0382C77BD4A88f 20000.0
releasing for 0x5d98a278F0C51dB87cF971482F0382C77BD4A88f: hash: 0x9c486de0673072ec934be94bd92bdf0ef1b2c13a7e2375dbdf0018c0028183e9
done: 0x9c486de0673072ec934be94bd92bdf0ef1b2c13a7e2375dbdf0018c0028183e9
0x7398062568b4f6EBB7913f45ac2a923d4E526671 6000.0
releasing for 0x7398062568b4f6EBB7913f45ac2a923d4E526671: hash: 0x840a00efa3f1804e0d2f804406cab2f79cfab3cee9341f78410e38eed786d42f
done: 0x840a00efa3f1804e0d2f804406cab2f79cfab3cee9341f78410e38eed786d42f
0xb10cAe86Af3932EBc631eB58DC9E9bBE5786bBcC 14000.0
releasing for 0xb10cAe86Af3932EBc631eB58DC9E9bBE5786bBcC: hash: 0xb8432211bc260788f27791266a44f22f6c5b6899685acaf0ceae3cb28bd25e17
done: 0xb8432211bc260788f27791266a44f22f6c5b6899685acaf0ceae3cb28bd25e17
0xE0dD4aF9611D80D702e53ea4fe017F8a75847Aa1 20000.0
releasing for 0xE0dD4aF9611D80D702e53ea4fe017F8a75847Aa1: hash: 0xdad02c127bdf7c2325bce0cdb0bf1a54120ec50948604ea37df4bfd8d22afc5d
done: 0xdad02c127bdf7c2325bce0cdb0bf1a54120ec50948604ea37df4bfd8d22afc5d
plan: Ecosystem number of addresses: 1
0xBD6F3d4dCa25622dff781808FFc1470584ffecee 50450.450450450450450449
releasing for 0xBD6F3d4dCa25622dff781808FFc1470584ffecee: hash: 0xe66b48ef5e76a7312ca5247a1f78fc52a2323900b0d4d6cde896824774dbe2bb
done: 0xe66b48ef5e76a7312ca5247a1f78fc52a2323900b0d4d6cde896824774dbe2bb
plan: LiquidityPool number of addresses: 1
0x5a038Ce2ac0a1C9C64096B56c9AaA6bbBEcFBDF4 300000.0
releasing for 0x5a038Ce2ac0a1C9C64096B56c9AaA6bbBEcFBDF4: hash: 0x008504a1ccbe9ac7f5a3e8bba4bb9912327d269fd390b93d7309fe3f8cdeb349
done: 0x008504a1ccbe9ac7f5a3e8bba4bb9912327d269fd390b93d7309fe3f8cdeb349
plan: Treasury number of addresses: 1
