npx hardhat --network polygon deploy --tags polygon
Nothing to compile
reusing "DefaultProxyAdmin" at 0xb1c2f36F1aBe8457855a7934E64Bf5C85FFDF6f5
reusing "SnookToken_Implementation" at 0x48525B10Bf172C0Ad1169b492FC40Fb069a7EFc0
reusing "SkillToken" at 0x689f8e5913C158fFB5Ac5aeb83b3C875F5d20309
reusing "UniswapUSDCSkill" at 0x31f528c6c193b27d77B874D1c28d113103AF04BF
reusing "DefaultProxyAdmin" at 0xb1c2f36F1aBe8457855a7934E64Bf5C85FFDF6f5
deploying "Treasury_Implementation" (tx: 0xce2eadef43bbe51c9767f0698236cbc3c52891e03d8a021277143d34814cfc7a)...: deployed at 0x80db9c200e17f87fD6994493eC6606c2f9eCd15b with 1111529 gas
---------------------------------------------------------------------------------------
no signer for 0x11fe914689525618c322fc9cd76333BA15a932a6
Please execute the following:
---------------------------------------------------------------------------------------

from: 0x11fe914689525618c322fc9cd76333BA15a932a6
to: 0xb1c2f36F1aBe8457855a7934E64Bf5C85FFDF6f5 (DefaultProxyAdmin)
method: upgrade
args:
  - 0xf9C79145f8314311814dA0de2767e8fd6B30C24f
  - 0x80db9c200e17f87fD6994493eC6606c2f9eCd15b

(raw data: 0x99a88ec4000000000000000000000000f9c79145f8314311814da0de2767e8fd6b30c24f00000000000000000000000080db9c200e17f87fd6994493ec6606c2f9ecd15b )

---------------------------------------------------------------------------------------
reusing "DefaultProxyAdmin" at 0xb1c2f36F1aBe8457855a7934E64Bf5C85FFDF6f5
reusing "SnookState_Implementation" at 0xE6fba94e02f6f8CEbf155d5ECC590C3Aa9c3A811
reusing "DefaultProxyAdmin" at 0xb1c2f36F1aBe8457855a7934E64Bf5C85FFDF6f5
reusing "SkinRewards_Implementation" at 0x8Ecf549d145b1D2C854D3a3C71117766Bccd0359
reusing "DefaultProxyAdmin" at 0xb1c2f36F1aBe8457855a7934E64Bf5C85FFDF6f5
deploying "SnookGame_Implementation" (tx: 0xbcebbe3c3ffdec3f75366bfb4397f7ba0c0749cbfa6e8062b1d62e8397b3a1cb)...: deployed at 0x59FB275711b2499769813340c4D43E54c5955008 with 3849945 gas
---------------------------------------------------------------------------------------
no signer for 0x11fe914689525618c322fc9cd76333BA15a932a6
Please execute the following:
---------------------------------------------------------------------------------------

from: 0x11fe914689525618c322fc9cd76333BA15a932a6
to: 0xb1c2f36F1aBe8457855a7934E64Bf5C85FFDF6f5 (DefaultProxyAdmin)
method: upgrade
args:
  - 0x1D9Da4c160A34DDA9C808A49D54112a5913c216c
  - 0x59FB275711b2499769813340c4D43E54c5955008

(raw data: 0x99a88ec40000000000000000000000001d9da4c160a34dda9c808a49d54112a5913c216c00000000000000000000000059fb275711b2499769813340c4d43e54c5955008 )

---------------------------------------------------------------------------------------
reusing "DefaultProxyAdmin" at 0xb1c2f36F1aBe8457855a7934E64Bf5C85FFDF6f5
deploying "Afterdeath_Implementation" (tx: 0xc05fbe15bc53ac90be91b0185985cbbd3a1d25716baa5d6e82c57abe8b03011f)...: deployed at 0xC6158EcDe53ADEf43E400D8d17d257140877F48d with 2660417 gas
---------------------------------------------------------------------------------------
no signer for 0x11fe914689525618c322fc9cd76333BA15a932a6
Please execute the following:
---------------------------------------------------------------------------------------

from: 0x11fe914689525618c322fc9cd76333BA15a932a6
to: 0xb1c2f36F1aBe8457855a7934E64Bf5C85FFDF6f5 (DefaultProxyAdmin)
method: upgrade
args:
  - 0x6BC8f0128e4Aaa0B3678b67BB93715fa70fAf3D3
  - 0xC6158EcDe53ADEf43E400D8d17d257140877F48d

(raw data: 0x99a88ec40000000000000000000000006bc8f0128e4aaa0b3678b67bb93715fa70faf3d3000000000000000000000000c6158ecde53adef43e400d8d17d257140877f48d )

---------------------------------------------------------------------------------------
reusing "DefaultProxyAdmin" at 0xb1c2f36F1aBe8457855a7934E64Bf5C85FFDF6f5
reusing "StakingRewards_Implementation" at 0x67a7e02147E1c92c738803e5a4a23c19d02b1b27
deploying "SGE" (tx: 0xb1d329a1fa9301d58dd472054678cddf73d19ac1cfc6f1d2a6d86365c28c3fd9)...: deployed at 0x1a395ac98e53a76ab0B3ACA61b33fA43dE46e96d with 1666584 gas
reusing "DefaultProxyAdmin" at 0xb1c2f36F1aBe8457855a7934E64Bf5C85FFDF6f5
reusing "PRNG_Implementation" at 0xEAd99f9001019922644E61505a725724A604EF81
Vesting contracts will use 1648401861 timestamp
reusing "Vesting" at 0x8329Dc7257D71934A29648c0acE54abBF4e9CbC7
Vesting contract deployed with total rewards:37997000000000000000000000
worker@lenovo ~/Documents/MyProjects/playsnook/onchain-hh (master)$ npx hardhat --network polygon deploy --tags polygon
Nothing to compile
reusing "DefaultProxyAdmin" at 0xb1c2f36F1aBe8457855a7934E64Bf5C85FFDF6f5
reusing "SnookToken_Implementation" at 0x48525B10Bf172C0Ad1169b492FC40Fb069a7EFc0
reusing "SkillToken" at 0x689f8e5913C158fFB5Ac5aeb83b3C875F5d20309
reusing "UniswapUSDCSkill" at 0x31f528c6c193b27d77B874D1c28d113103AF04BF
reusing "DefaultProxyAdmin" at 0xb1c2f36F1aBe8457855a7934E64Bf5C85FFDF6f5
reusing "Treasury_Implementation" at 0x80db9c200e17f87fD6994493eC6606c2f9eCd15b
reusing "DefaultProxyAdmin" at 0xb1c2f36F1aBe8457855a7934E64Bf5C85FFDF6f5
reusing "SnookState_Implementation" at 0xE6fba94e02f6f8CEbf155d5ECC590C3Aa9c3A811
reusing "DefaultProxyAdmin" at 0xb1c2f36F1aBe8457855a7934E64Bf5C85FFDF6f5
reusing "SkinRewards_Implementation" at 0x8Ecf549d145b1D2C854D3a3C71117766Bccd0359
reusing "DefaultProxyAdmin" at 0xb1c2f36F1aBe8457855a7934E64Bf5C85FFDF6f5
reusing "SnookGame_Implementation" at 0x59FB275711b2499769813340c4D43E54c5955008
reusing "DefaultProxyAdmin" at 0xb1c2f36F1aBe8457855a7934E64Bf5C85FFDF6f5
reusing "Afterdeath_Implementation" at 0xC6158EcDe53ADEf43E400D8d17d257140877F48d
reusing "DefaultProxyAdmin" at 0xb1c2f36F1aBe8457855a7934E64Bf5C85FFDF6f5
reusing "StakingRewards_Implementation" at 0x67a7e02147E1c92c738803e5a4a23c19d02b1b27
reusing "SGE" at 0x1a395ac98e53a76ab0B3ACA61b33fA43dE46e96d
reusing "DefaultProxyAdmin" at 0xb1c2f36F1aBe8457855a7934E64Bf5C85FFDF6f5
reusing "PRNG_Implementation" at 0xEAd99f9001019922644E61505a725724A604EF81
Vesting contracts will use 1648402969 timestamp
reusing "Vesting" at 0x8329Dc7257D71934A29648c0acE54abBF4e9CbC7
Vesting contract deployed with total rewards:37997000000000000000000000
